Apache Maven 3.8.4 (9b656c72d54e5bacbed989b64718c159fe39b537)
Maven home: C:\Opt\apache-maven-3.8.4
Java version: 16.0.2, vendor: Oracle Corporation, runtime: C:\Program Files\Java\jdk-16.0.2
Default locale: en_IN, platform encoding: Cp1252
OS name: "windows 10", version: "10.0", arch: "amd64", family: "windows"
[DEBUG] Created new class realm maven.api
[DEBUG] Importing foreign packages into class realm maven.api
[DEBUG]   Imported: javax.annotation.* < plexus.core
[DEBUG]   Imported: javax.annotation.security.* < plexus.core
[DEBUG]   Imported: javax.inject.* < plexus.core
[DEBUG]   Imported: org.apache.maven.* < plexus.core
[DEBUG]   Imported: org.apache.maven.artifact < plexus.core
[DEBUG]   Imported: org.apache.maven.classrealm < plexus.core
[DEBUG]   Imported: org.apache.maven.cli < plexus.core
[DEBUG]   Imported: org.apache.maven.configuration < plexus.core
[DEBUG]   Imported: org.apache.maven.exception < plexus.core
[DEBUG]   Imported: org.apache.maven.execution < plexus.core
[DEBUG]   Imported: org.apache.maven.execution.scope < plexus.core
[DEBUG]   Imported: org.apache.maven.lifecycle < plexus.core
[DEBUG]   Imported: org.apache.maven.model < plexus.core
[DEBUG]   Imported: org.apache.maven.monitor < plexus.core
[DEBUG]   Imported: org.apache.maven.plugin < plexus.core
[DEBUG]   Imported: org.apache.maven.profiles < plexus.core
[DEBUG]   Imported: org.apache.maven.project < plexus.core
[DEBUG]   Imported: org.apache.maven.reporting < plexus.core
[DEBUG]   Imported: org.apache.maven.repository < plexus.core
[DEBUG]   Imported: org.apache.maven.rtinfo < plexus.core
[DEBUG]   Imported: org.apache.maven.settings < plexus.core
[DEBUG]   Imported: org.apache.maven.toolchain < plexus.core
[DEBUG]   Imported: org.apache.maven.usability < plexus.core
[DEBUG]   Imported: org.apache.maven.wagon.* < plexus.core
[DEBUG]   Imported: org.apache.maven.wagon.authentication < plexus.core
[DEBUG]   Imported: org.apache.maven.wagon.authorization < plexus.core
[DEBUG]   Imported: org.apache.maven.wagon.events < plexus.core
[DEBUG]   Imported: org.apache.maven.wagon.observers < plexus.core
[DEBUG]   Imported: org.apache.maven.wagon.proxy < plexus.core
[DEBUG]   Imported: org.apache.maven.wagon.repository < plexus.core
[DEBUG]   Imported: org.apache.maven.wagon.resource < plexus.core
[DEBUG]   Imported: org.codehaus.classworlds < plexus.core
[DEBUG]   Imported: org.codehaus.plexus.* < plexus.core
[DEBUG]   Imported: org.codehaus.plexus.classworlds < plexus.core
[DEBUG]   Imported: org.codehaus.plexus.component < plexus.core
[DEBUG]   Imported: org.codehaus.plexus.configuration < plexus.core
[DEBUG]   Imported: org.codehaus.plexus.container < plexus.core
[DEBUG]   Imported: org.codehaus.plexus.context < plexus.core
[DEBUG]   Imported: org.codehaus.plexus.lifecycle < plexus.core
[DEBUG]   Imported: org.codehaus.plexus.logging < plexus.core
[DEBUG]   Imported: org.codehaus.plexus.personality < plexus.core
[DEBUG]   Imported: org.codehaus.plexus.util.xml.Xpp3Dom < plexus.core
[DEBUG]   Imported: org.codehaus.plexus.util.xml.pull.XmlPullParser < plexus.core
[DEBUG]   Imported: org.codehaus.plexus.util.xml.pull.XmlPullParserException < plexus.core
[DEBUG]   Imported: org.codehaus.plexus.util.xml.pull.XmlSerializer < plexus.core
[DEBUG]   Imported: org.eclipse.aether.* < plexus.core
[DEBUG]   Imported: org.eclipse.aether.artifact < plexus.core
[DEBUG]   Imported: org.eclipse.aether.collection < plexus.core
[DEBUG]   Imported: org.eclipse.aether.deployment < plexus.core
[DEBUG]   Imported: org.eclipse.aether.graph < plexus.core
[DEBUG]   Imported: org.eclipse.aether.impl < plexus.core
[DEBUG]   Imported: org.eclipse.aether.installation < plexus.core
[DEBUG]   Imported: org.eclipse.aether.internal.impl < plexus.core
[DEBUG]   Imported: org.eclipse.aether.metadata < plexus.core
[DEBUG]   Imported: org.eclipse.aether.repository < plexus.core
[DEBUG]   Imported: org.eclipse.aether.resolution < plexus.core
[DEBUG]   Imported: org.eclipse.aether.spi < plexus.core
[DEBUG]   Imported: org.eclipse.aether.transfer < plexus.core
[DEBUG]   Imported: org.eclipse.aether.version < plexus.core
[DEBUG]   Imported: org.fusesource.jansi.* < plexus.core
[DEBUG]   Imported: org.slf4j.* < plexus.core
[DEBUG]   Imported: org.slf4j.event.* < plexus.core
[DEBUG]   Imported: org.slf4j.helpers.* < plexus.core
[DEBUG]   Imported: org.slf4j.spi.* < plexus.core
[DEBUG] Populating class realm maven.api
[INFO] Error stacktraces are turned on.
[DEBUG] Message scheme: color
[DEBUG] Message styles: debug info warning error success failure strong mojo project
[DEBUG] Reading global settings from C:\Opt\apache-maven-3.8.4\conf\settings.xml
[DEBUG] Reading user settings from C:\Users\vanit\.m2\settings.xml
[DEBUG] Reading global toolchains from C:\Opt\apache-maven-3.8.4\conf\toolchains.xml
[DEBUG] Reading user toolchains from C:\Users\vanit\.m2\toolchains.xml
[DEBUG] Using local repository at C:\Users\vanit\.m2\repository
[DEBUG] Using manager EnhancedLocalRepositoryManager with priority 10.0 for C:\Users\vanit\.m2\repository
[INFO] Scanning for projects...
[DEBUG] Extension realms for project inetBankingV1:inetBankingV1:jar:0.0.1-SNAPSHOT: (none)
[DEBUG] Looking up lifecycle mappings for packaging jar from ClassRealm[plexus.core, parent: null]
[DEBUG] === REACTOR BUILD PLAN ================================================
[DEBUG] Project: inetBankingV1:inetBankingV1:jar:0.0.1-SNAPSHOT
[DEBUG] Tasks:   [test]
[DEBUG] Style:   Regular
[DEBUG] =======================================================================
[INFO] 
[INFO] --------------------< inetBankingV1:inetBankingV1 >---------------------
[INFO] Building inetBankingV1 0.0.1-SNAPSHOT
[INFO] --------------------------------[ jar ]---------------------------------
[DEBUG] Lifecycle default -> [validate, initialize, generate-sources, process-sources, generate-resources, process-resources, compile, process-classes, generate-test-sources, process-test-sources, generate-test-resources, process-test-resources, test-compile, process-test-classes, test, prepare-package, package, pre-integration-test, integration-test, post-integration-test, verify, install, deploy]
[DEBUG] Lifecycle clean -> [pre-clean, clean, post-clean]
[DEBUG] Lifecycle site -> [pre-site, site, post-site, site-deploy]
[DEBUG] Using mirror maven-default-http-blocker (http://0.0.0.0/) for apache.snapshots (http://repository.apache.org/snapshots).
[DEBUG] Lifecycle default -> [validate, initialize, generate-sources, process-sources, generate-resources, process-resources, compile, process-classes, generate-test-sources, process-test-sources, generate-test-resources, process-test-resources, test-compile, process-test-classes, test, prepare-package, package, pre-integration-test, integration-test, post-integration-test, verify, install, deploy]
[DEBUG] Lifecycle clean -> [pre-clean, clean, post-clean]
[DEBUG] Lifecycle site -> [pre-site, site, post-site, site-deploy]
[DEBUG] Lifecycle default -> [validate, initialize, generate-sources, process-sources, generate-resources, process-resources, compile, process-classes, generate-test-sources, process-test-sources, generate-test-resources, process-test-resources, test-compile, process-test-classes, test, prepare-package, package, pre-integration-test, integration-test, post-integration-test, verify, install, deploy]
[DEBUG] Lifecycle clean -> [pre-clean, clean, post-clean]
[DEBUG] Lifecycle site -> [pre-site, site, post-site, site-deploy]
[DEBUG] Lifecycle default -> [validate, initialize, generate-sources, process-sources, generate-resources, process-resources, compile, process-classes, generate-test-sources, process-test-sources, generate-test-resources, process-test-resources, test-compile, process-test-classes, test, prepare-package, package, pre-integration-test, integration-test, post-integration-test, verify, install, deploy]
[DEBUG] Lifecycle clean -> [pre-clean, clean, post-clean]
[DEBUG] Lifecycle site -> [pre-site, site, post-site, site-deploy]
[DEBUG] Lifecycle default -> [validate, initialize, generate-sources, process-sources, generate-resources, process-resources, compile, process-classes, generate-test-sources, process-test-sources, generate-test-resources, process-test-resources, test-compile, process-test-classes, test, prepare-package, package, pre-integration-test, integration-test, post-integration-test, verify, install, deploy]
[DEBUG] Lifecycle clean -> [pre-clean, clean, post-clean]
[DEBUG] Lifecycle site -> [pre-site, site, post-site, site-deploy]
[DEBUG] Lifecycle default -> [validate, initialize, generate-sources, process-sources, generate-resources, process-resources, compile, process-classes, generate-test-sources, process-test-sources, generate-test-resources, process-test-resources, test-compile, process-test-classes, test, prepare-package, package, pre-integration-test, integration-test, post-integration-test, verify, install, deploy]
[DEBUG] Lifecycle clean -> [pre-clean, clean, post-clean]
[DEBUG] Lifecycle site -> [pre-site, site, post-site, site-deploy]
[DEBUG] === PROJECT BUILD PLAN ================================================
[DEBUG] Project:       inetBankingV1:inetBankingV1:0.0.1-SNAPSHOT
[DEBUG] Dependencies (collect): []
[DEBUG] Dependencies (resolve): [compile, test]
[DEBUG] Repositories (dependencies): [central (https://repo.maven.apache.org/maven2, default, releases)]
[DEBUG] Repositories (plugins)     : [central (https://repo.maven.apache.org/maven2, default, releases)]
[DEBUG] -----------------------------------------------------------------------
[DEBUG] Goal:          org.apache.maven.plugins:maven-resources-plugin:2.6:resources (default-resources)
[DEBUG] Style:         Regular
[DEBUG] Configuration: <?xml version="1.0" encoding="UTF-8"?>
<configuration>
  <buildFilters default-value="${project.build.filters}"/>
  <encoding default-value="${project.build.sourceEncoding}">${encoding}</encoding>
  <escapeString>${maven.resources.escapeString}</escapeString>
  <escapeWindowsPaths default-value="true">${maven.resources.escapeWindowsPaths}</escapeWindowsPaths>
  <includeEmptyDirs default-value="false">${maven.resources.includeEmptyDirs}</includeEmptyDirs>
  <outputDirectory default-value="${project.build.outputDirectory}"/>
  <overwrite default-value="false">${maven.resources.overwrite}</overwrite>
  <project default-value="${project}"/>
  <resources default-value="${project.resources}"/>
  <session default-value="${session}"/>
  <supportMultiLineFiltering default-value="false">${maven.resources.supportMultiLineFiltering}</supportMultiLineFiltering>
  <useBuildFilters default-value="true"/>
  <useDefaultDelimiters default-value="true"/>
</configuration>
[DEBUG] -----------------------------------------------------------------------
[DEBUG] Goal:          org.apache.maven.plugins:maven-compiler-plugin:3.9.0:compile (default-compile)
[DEBUG] Style:         Regular
[DEBUG] Configuration: <?xml version="1.0" encoding="UTF-8"?>
<configuration>
  <basedir default-value="${basedir}"/>
  <buildDirectory default-value="${project.build.directory}"/>
  <compilePath default-value="${project.compileClasspathElements}"/>
  <compileSourceRoots default-value="${project.compileSourceRoots}"/>
  <compilerId default-value="javac">${maven.compiler.compilerId}</compilerId>
  <compilerReuseStrategy default-value="${reuseCreated}">${maven.compiler.compilerReuseStrategy}</compilerReuseStrategy>
  <compilerVersion>${maven.compiler.compilerVersion}</compilerVersion>
  <debug default-value="true">${maven.compiler.debug}</debug>
  <debuglevel>${maven.compiler.debuglevel}</debuglevel>
  <encoding default-value="${project.build.sourceEncoding}">${encoding}</encoding>
  <executable>${maven.compiler.executable}</executable>
  <failOnError default-value="true">${maven.compiler.failOnError}</failOnError>
  <failOnWarning default-value="false">${maven.compiler.failOnWarning}</failOnWarning>
  <forceJavacCompilerUse default-value="false">${maven.compiler.forceJavacCompilerUse}</forceJavacCompilerUse>
  <fork default-value="false">${maven.compiler.fork}</fork>
  <generatedSourcesDirectory default-value="${project.build.directory}/generated-sources/annotations"/>
  <maxmem>${maven.compiler.maxmem}</maxmem>
  <meminitial>${maven.compiler.meminitial}</meminitial>
  <mojoExecution default-value="${mojoExecution}"/>
  <optimize default-value="false">${maven.compiler.optimize}</optimize>
  <outputDirectory default-value="${project.build.outputDirectory}"/>
  <parameters default-value="false">${maven.compiler.parameters}</parameters>
  <project default-value="${project}"/>
  <projectArtifact default-value="${project.artifact}"/>
  <release>${maven.compiler.release}</release>
  <session default-value="${session}"/>
  <showDeprecation default-value="false">${maven.compiler.showDeprecation}</showDeprecation>
  <showWarnings default-value="false">${maven.compiler.showWarnings}</showWarnings>
  <skipMain>${maven.main.skip}</skipMain>
  <skipMultiThreadWarning default-value="false">${maven.compiler.skipMultiThreadWarning}</skipMultiThreadWarning>
  <source default-value="1.7">${maven.compiler.source}</source>
  <staleMillis default-value="0">${lastModGranularityMs}</staleMillis>
  <target default-value="1.7">${maven.compiler.target}</target>
  <useIncrementalCompilation default-value="true">${maven.compiler.useIncrementalCompilation}</useIncrementalCompilation>
  <verbose default-value="false">${maven.compiler.verbose}</verbose>
</configuration>
[DEBUG] -----------------------------------------------------------------------
[DEBUG] Goal:          org.apache.maven.plugins:maven-resources-plugin:2.6:testResources (default-testResources)
[DEBUG] Style:         Regular
[DEBUG] Configuration: <?xml version="1.0" encoding="UTF-8"?>
<configuration>
  <buildFilters default-value="${project.build.filters}"/>
  <encoding default-value="${project.build.sourceEncoding}">${encoding}</encoding>
  <escapeString>${maven.resources.escapeString}</escapeString>
  <escapeWindowsPaths default-value="true">${maven.resources.escapeWindowsPaths}</escapeWindowsPaths>
  <includeEmptyDirs default-value="false">${maven.resources.includeEmptyDirs}</includeEmptyDirs>
  <outputDirectory default-value="${project.build.testOutputDirectory}"/>
  <overwrite default-value="false">${maven.resources.overwrite}</overwrite>
  <project default-value="${project}"/>
  <resources default-value="${project.testResources}"/>
  <session default-value="${session}"/>
  <skip>${maven.test.skip}</skip>
  <supportMultiLineFiltering default-value="false">${maven.resources.supportMultiLineFiltering}</supportMultiLineFiltering>
  <useBuildFilters default-value="true"/>
  <useDefaultDelimiters default-value="true"/>
</configuration>
[DEBUG] -----------------------------------------------------------------------
[DEBUG] Goal:          org.apache.maven.plugins:maven-compiler-plugin:3.9.0:testCompile (default-testCompile)
[DEBUG] Style:         Regular
[DEBUG] Configuration: <?xml version="1.0" encoding="UTF-8"?>
<configuration>
  <basedir default-value="${basedir}"/>
  <buildDirectory default-value="${project.build.directory}"/>
  <compileSourceRoots default-value="${project.testCompileSourceRoots}"/>
  <compilerId default-value="javac">${maven.compiler.compilerId}</compilerId>
  <compilerReuseStrategy default-value="${reuseCreated}">${maven.compiler.compilerReuseStrategy}</compilerReuseStrategy>
  <compilerVersion>${maven.compiler.compilerVersion}</compilerVersion>
  <debug default-value="true">${maven.compiler.debug}</debug>
  <debuglevel>${maven.compiler.debuglevel}</debuglevel>
  <encoding default-value="${project.build.sourceEncoding}">${encoding}</encoding>
  <executable>${maven.compiler.executable}</executable>
  <failOnError default-value="true">${maven.compiler.failOnError}</failOnError>
  <failOnWarning default-value="false">${maven.compiler.failOnWarning}</failOnWarning>
  <forceJavacCompilerUse default-value="false">${maven.compiler.forceJavacCompilerUse}</forceJavacCompilerUse>
  <fork default-value="false">${maven.compiler.fork}</fork>
  <generatedTestSourcesDirectory default-value="${project.build.directory}/generated-test-sources/test-annotations"/>
  <maxmem>${maven.compiler.maxmem}</maxmem>
  <meminitial>${maven.compiler.meminitial}</meminitial>
  <mojoExecution default-value="${mojoExecution}"/>
  <optimize default-value="false">${maven.compiler.optimize}</optimize>
  <outputDirectory default-value="${project.build.testOutputDirectory}"/>
  <parameters default-value="false">${maven.compiler.parameters}</parameters>
  <project default-value="${project}"/>
  <release>${maven.compiler.release}</release>
  <session default-value="${session}"/>
  <showDeprecation default-value="false">${maven.compiler.showDeprecation}</showDeprecation>
  <showWarnings default-value="false">${maven.compiler.showWarnings}</showWarnings>
  <skip>${maven.test.skip}</skip>
  <skipMultiThreadWarning default-value="false">${maven.compiler.skipMultiThreadWarning}</skipMultiThreadWarning>
  <source default-value="1.7">${maven.compiler.source}</source>
  <staleMillis default-value="0">${lastModGranularityMs}</staleMillis>
  <target default-value="1.7">${maven.compiler.target}</target>
  <testPath default-value="${project.testClasspathElements}"/>
  <testRelease>${maven.compiler.testRelease}</testRelease>
  <testSource>${maven.compiler.testSource}</testSource>
  <testTarget>${maven.compiler.testTarget}</testTarget>
  <useIncrementalCompilation default-value="true">${maven.compiler.useIncrementalCompilation}</useIncrementalCompilation>
  <verbose default-value="false">${maven.compiler.verbose}</verbose>
</configuration>
[DEBUG] -----------------------------------------------------------------------
[DEBUG] Goal:          org.apache.maven.plugins:maven-surefire-plugin:3.0.0-M5:test (default-test)
[DEBUG] Style:         Regular
[DEBUG] Configuration: <?xml version="1.0" encoding="UTF-8"?>
<configuration>
  <additionalClasspathElements>${maven.test.additionalClasspath}</additionalClasspathElements>
  <argLine>${argLine}</argLine>
  <basedir default-value="${basedir}"/>
  <childDelegation default-value="false">${childDelegation}</childDelegation>
  <classesDirectory default-value="${project.build.outputDirectory}"/>
  <classpathDependencyExcludes>${maven.test.dependency.excludes}</classpathDependencyExcludes>
  <debugForkedProcess>${maven.surefire.debug}</debugForkedProcess>
  <dependenciesToScan>${dependenciesToScan}</dependenciesToScan>
  <disableXmlReport default-value="false">${disableXmlReport}</disableXmlReport>
  <enableAssertions default-value="true">${enableAssertions}</enableAssertions>
  <enableProcessChecker>${surefire.enableProcessChecker}</enableProcessChecker>
  <encoding default-value="${project.reporting.outputEncoding}">${surefire.encoding}</encoding>
  <excludedEnvironmentVariables>${surefire.excludedEnvironmentVariables}</excludedEnvironmentVariables>
  <excludedGroups>${excludedGroups}</excludedGroups>
  <excludesFile>${surefire.excludesFile}</excludesFile>
  <failIfNoSpecifiedTests>${surefire.failIfNoSpecifiedTests}</failIfNoSpecifiedTests>
  <failIfNoTests>${failIfNoTests}</failIfNoTests>
  <forkCount default-value="1">${forkCount}</forkCount>
  <forkMode default-value="once">${forkMode}</forkMode>
  <forkNode>${surefire.forkNode}</forkNode>
  <forkedProcessExitTimeoutInSeconds default-value="30">${surefire.exitTimeout}</forkedProcessExitTimeoutInSeconds>
  <forkedProcessTimeoutInSeconds>${surefire.timeout}</forkedProcessTimeoutInSeconds>
  <groups>${groups}</groups>
  <includesFile>${surefire.includesFile}</includesFile>
  <junitArtifactName default-value="junit:junit">${junitArtifactName}</junitArtifactName>
  <jvm>${jvm}</jvm>
  <localRepository default-value="${localRepository}"/>
  <objectFactory>${objectFactory}</objectFactory>
  <parallel>${parallel}</parallel>
  <parallelMavenExecution default-value="${session.parallel}"/>
  <parallelOptimized default-value="true">${parallelOptimized}</parallelOptimized>
  <parallelTestsTimeoutForcedInSeconds>${surefire.parallel.forcedTimeout}</parallelTestsTimeoutForcedInSeconds>
  <parallelTestsTimeoutInSeconds>${surefire.parallel.timeout}</parallelTestsTimeoutInSeconds>
  <perCoreThreadCount default-value="true">${perCoreThreadCount}</perCoreThreadCount>
  <pluginArtifactMap>${plugin.artifactMap}</pluginArtifactMap>
  <pluginDescriptor default-value="${plugin}"/>
  <printSummary default-value="true">${surefire.printSummary}</printSummary>
  <project default-value="${project}"/>
  <projectArtifactMap>${project.artifactMap}</projectArtifactMap>
  <projectBuildDirectory default-value="${project.build.directory}"/>
  <projectRemoteRepositories default-value="${project.remoteArtifactRepositories}"/>
  <redirectTestOutputToFile default-value="false">${maven.test.redirectTestOutputToFile}</redirectTestOutputToFile>
  <remoteRepositories default-value="${project.pluginArtifactRepositories}"/>
  <reportFormat default-value="brief">${surefire.reportFormat}</reportFormat>
  <reportNameSuffix default-value="">${surefire.reportNameSuffix}</reportNameSuffix>
  <reportsDirectory default-value="${project.build.directory}/surefire-reports"/>
  <rerunFailingTestsCount default-value="0">${surefire.rerunFailingTestsCount}</rerunFailingTestsCount>
  <reuseForks default-value="true">${reuseForks}</reuseForks>
  <runOrder default-value="filesystem">${surefire.runOrder}</runOrder>
  <session default-value="${session}"/>
  <shutdown default-value="exit">${surefire.shutdown}</shutdown>
  <skip default-value="false">${maven.test.skip}</skip>
  <skipAfterFailureCount default-value="0">${surefire.skipAfterFailureCount}</skipAfterFailureCount>
  <skipExec>${maven.test.skip.exec}</skipExec>
  <skipTests default-value="false">${skipTests}</skipTests>
  <suiteXmlFiles>
    <suiteXmlFile>testng.xml</suiteXmlFile>${surefire.suiteXmlFiles}</suiteXmlFiles>
  <systemPropertiesFile>${surefire.systemPropertiesFile}</systemPropertiesFile>
  <tempDir default-value="surefire">${tempDir}</tempDir>
  <test>${test}</test>
  <testClassesDirectory default-value="${project.build.testOutputDirectory}"/>
  <testFailureIgnore default-value="false">${maven.test.failure.ignore}</testFailureIgnore>
  <testNGArtifactName default-value="org.testng:testng">${testNGArtifactName}</testNGArtifactName>
  <testSourceDirectory default-value="${project.build.testSourceDirectory}"/>
  <threadCount>${threadCount}</threadCount>
  <threadCountClasses default-value="0">${threadCountClasses}</threadCountClasses>
  <threadCountMethods default-value="0">${threadCountMethods}</threadCountMethods>
  <threadCountSuites default-value="0">${threadCountSuites}</threadCountSuites>
  <trimStackTrace default-value="true">${trimStackTrace}</trimStackTrace>
  <useFile default-value="true">${surefire.useFile}</useFile>
  <useManifestOnlyJar default-value="true">${surefire.useManifestOnlyJar}</useManifestOnlyJar>
  <useModulePath default-value="true">${surefire.useModulePath}</useModulePath>
  <useSystemClassLoader default-value="true">${surefire.useSystemClassLoader}</useSystemClassLoader>
  <useUnlimitedThreads default-value="false">${useUnlimitedThreads}</useUnlimitedThreads>
  <workingDirectory>${basedir}</workingDirectory>
</configuration>
[DEBUG] =======================================================================
[DEBUG] Dependency collection stats {ConflictMarker.analyzeTime=4751700, ConflictMarker.markTime=2284800, ConflictMarker.nodeCount=296, ConflictIdSorter.graphTime=3175300, ConflictIdSorter.topsortTime=2786800, ConflictIdSorter.conflictIdCount=90, ConflictIdSorter.conflictIdCycleCount=0, ConflictResolver.totalTime=42143800, ConflictResolver.conflictItemCount=256, DefaultDependencyCollector.collectTime=874928700, DefaultDependencyCollector.transformTime=60813300}
[DEBUG] inetBankingV1:inetBankingV1:jar:0.0.1-SNAPSHOT
[DEBUG]    org.seleniumhq.selenium:selenium-java:jar:4.1.1:compile
[DEBUG]       org.seleniumhq.selenium:selenium-api:jar:4.1.1:compile
[DEBUG]       org.seleniumhq.selenium:selenium-chrome-driver:jar:4.1.1:compile
[DEBUG]          com.google.auto.service:auto-service-annotations:jar:1.0.1:compile
[DEBUG]          com.google.auto.service:auto-service:jar:1.0.1:compile
[DEBUG]             com.google.auto:auto-common:jar:1.2:compile
[DEBUG]          com.google.guava:guava:jar:31.0.1-jre:compile
[DEBUG]             com.google.guava:failureaccess:jar:1.0.1:compile
[DEBUG]             com.google.guava:listenablefuture:jar:9999.0-empty-to-avoid-conflict-with-guava:compile
[DEBUG]             org.checkerframework:checker-qual:jar:3.12.0:compile
[DEBUG]             com.google.errorprone:error_prone_annotations:jar:2.7.1:compile
[DEBUG]             com.google.j2objc:j2objc-annotations:jar:1.3:compile
[DEBUG]          org.seleniumhq.selenium:selenium-chromium-driver:jar:4.1.1:compile
[DEBUG]          org.seleniumhq.selenium:selenium-json:jar:4.1.1:compile
[DEBUG]       org.seleniumhq.selenium:selenium-devtools-v85:jar:4.1.1:compile
[DEBUG]       org.seleniumhq.selenium:selenium-devtools-v94:jar:4.1.1:compile
[DEBUG]       org.seleniumhq.selenium:selenium-devtools-v95:jar:4.1.1:compile
[DEBUG]       org.seleniumhq.selenium:selenium-devtools-v96:jar:4.1.1:compile
[DEBUG]       org.seleniumhq.selenium:selenium-edge-driver:jar:4.1.1:compile
[DEBUG]       org.seleniumhq.selenium:selenium-firefox-driver:jar:4.1.1:compile
[DEBUG]       org.seleniumhq.selenium:selenium-firefox-xpi-driver:jar:4.1.1:compile
[DEBUG]       org.seleniumhq.selenium:selenium-ie-driver:jar:4.1.1:compile
[DEBUG]       org.seleniumhq.selenium:selenium-opera-driver:jar:4.1.1:compile
[DEBUG]       org.seleniumhq.selenium:selenium-remote-driver:jar:4.1.1:compile
[DEBUG]          io.netty:netty-buffer:jar:4.1.70.Final:compile
[DEBUG]          io.netty:netty-codec-http:jar:4.1.70.Final:compile
[DEBUG]             io.netty:netty-codec:jar:4.1.70.Final:compile
[DEBUG]             io.netty:netty-handler:jar:4.1.70.Final:compile
[DEBUG]          io.netty:netty-common:jar:4.1.70.Final:compile
[DEBUG]          io.netty:netty-transport-classes-epoll:jar:4.1.70.Final:compile
[DEBUG]          io.netty:netty-transport-classes-kqueue:jar:4.1.70.Final:compile
[DEBUG]          io.netty:netty-transport-native-unix-common:jar:4.1.70.Final:compile
[DEBUG]          io.netty:netty-transport:jar:4.1.70.Final:compile
[DEBUG]             io.netty:netty-resolver:jar:4.1.70.Final:compile
[DEBUG]          io.opentelemetry:opentelemetry-api:jar:1.9.1:compile
[DEBUG]          io.opentelemetry:opentelemetry-context:jar:1.9.1:compile
[DEBUG]          io.opentelemetry:opentelemetry-exporter-logging:jar:1.9.1:compile
[DEBUG]             io.opentelemetry:opentelemetry-sdk-metrics:jar:1.9.1-alpha:compile
[DEBUG]             io.opentelemetry:opentelemetry-sdk-logs:jar:1.9.1-alpha:compile
[DEBUG]                com.fasterxml.jackson.core:jackson-databind:jar:2.13.0:runtime
[DEBUG]                   com.fasterxml.jackson.core:jackson-annotations:jar:2.13.0:runtime
[DEBUG]                   com.fasterxml.jackson.core:jackson-core:jar:2.13.0:runtime
[DEBUG]          io.opentelemetry:opentelemetry-sdk-common:jar:1.9.1:compile
[DEBUG]          io.opentelemetry:opentelemetry-sdk-extension-autoconfigure-spi:jar:1.9.1:compile
[DEBUG]          io.opentelemetry:opentelemetry-sdk-extension-autoconfigure:jar:1.9.1-alpha:compile
[DEBUG]          io.opentelemetry:opentelemetry-sdk-trace:jar:1.9.1:compile
[DEBUG]             io.opentelemetry:opentelemetry-api-metrics:jar:1.9.1-alpha:compile
[DEBUG]          io.opentelemetry:opentelemetry-sdk:jar:1.9.1:compile
[DEBUG]          io.opentelemetry:opentelemetry-semconv:jar:1.9.1-alpha:compile
[DEBUG]          io.ous:jtoml:jar:2.0.0:compile
[DEBUG]          net.bytebuddy:byte-buddy:jar:1.12.2:compile
[DEBUG]          org.apache.commons:commons-exec:jar:1.3:compile
[DEBUG]          org.asynchttpclient:async-http-client:jar:2.12.3:compile
[DEBUG]             org.asynchttpclient:async-http-client-netty-utils:jar:2.12.3:compile
[DEBUG]             io.netty:netty-codec-socks:jar:4.1.60.Final:compile
[DEBUG]             io.netty:netty-handler-proxy:jar:4.1.60.Final:compile
[DEBUG]             io.netty:netty-transport-native-epoll:jar:linux-x86_64:4.1.60.Final:compile
[DEBUG]             io.netty:netty-transport-native-kqueue:jar:osx-x86_64:4.1.60.Final:compile
[DEBUG]             com.typesafe.netty:netty-reactive-streams:jar:2.0.4:compile
[DEBUG]             com.sun.activation:jakarta.activation:jar:1.2.2:compile
[DEBUG]          org.seleniumhq.selenium:selenium-http:jar:4.1.1:compile
[DEBUG]             net.jodah:failsafe:jar:2.4.4:compile
[DEBUG]       org.seleniumhq.selenium:selenium-safari-driver:jar:4.1.1:compile
[DEBUG]       org.seleniumhq.selenium:selenium-support:jar:4.1.1:compile
[DEBUG]    org.testng:testng:jar:7.5:test
[DEBUG]       com.google.code.findbugs:jsr305:jar:3.0.1:compile
[DEBUG]       org.slf4j:slf4j-api:jar:1.7.32:compile
[DEBUG]       com.beust:jcommander:jar:1.78:compile
[DEBUG]       org.webjars:jquery:jar:3.5.1:test
[DEBUG]    org.apache.poi:poi:jar:5.2.0:compile
[DEBUG]       commons-codec:commons-codec:jar:1.15:compile
[DEBUG]       org.apache.commons:commons-collections4:jar:4.4:compile
[DEBUG]       org.apache.commons:commons-math3:jar:3.6.1:compile
[DEBUG]       com.zaxxer:SparseBitSet:jar:1.2:compile
[DEBUG]    org.apache.poi:poi-ooxml:jar:5.2.0:compile
[DEBUG]       org.apache.poi:poi-ooxml-lite:jar:5.2.0:compile
[DEBUG]       org.apache.xmlbeans:xmlbeans:jar:5.0.3:compile
[DEBUG]       org.apache.commons:commons-compress:jar:1.21:compile
[DEBUG]       com.github.virtuald:curvesapi:jar:1.06:compile
[DEBUG]    com.aventstack:extentreports:jar:5.0.9:compile
[DEBUG]       io.reactivex.rxjava3:rxjava:jar:3.0.4:compile
[DEBUG]          org.reactivestreams:reactive-streams:jar:1.0.3:compile
[DEBUG]       org.freemarker:freemarker:jar:2.3.30:compile
[DEBUG]       org.projectlombok:lombok:jar:1.18.12:compile
[DEBUG]       com.google.code.gson:gson:jar:2.8.6:compile
[DEBUG]    org.apache.commons:commons-lang3:jar:3.12.0:compile
[DEBUG]    commons-io:commons-io:jar:2.11.0:compile
[DEBUG]    log4j:log4j:jar:1.2.16:compile
[DEBUG]    org.apache.logging.log4j:log4j-core:jar:2.17.1:compile
[DEBUG]    org.apache.logging.log4j:log4j-api:jar:2.17.1:compile
[INFO] 
[INFO] --- maven-resources-plugin:2.6:resources (default-resources) @ inetBankingV1 ---
[DEBUG] Using mirror maven-default-http-blocker (http://0.0.0.0/) for apache.snapshots (http://people.apache.org/repo/m2-snapshot-repository).
[DEBUG] Using mirror maven-default-http-blocker (http://0.0.0.0/) for codehaus.snapshots (http://snapshots.repository.codehaus.org).
[DEBUG] Using mirror maven-default-http-blocker (http://0.0.0.0/) for snapshots (http://snapshots.maven.codehaus.org/maven2).
[DEBUG] Using mirror maven-default-http-blocker (http://0.0.0.0/) for central (http://repo1.maven.org/maven2).
[DEBUG] Dependency collection stats {ConflictMarker.analyzeTime=394500, ConflictMarker.markTime=231600, ConflictMarker.nodeCount=77, ConflictIdSorter.graphTime=206200, ConflictIdSorter.topsortTime=53900, ConflictIdSorter.conflictIdCount=26, ConflictIdSorter.conflictIdCycleCount=0, ConflictResolver.totalTime=1825100, ConflictResolver.conflictItemCount=74, DefaultDependencyCollector.collectTime=237177700, DefaultDependencyCollector.transformTime=2875000}
[DEBUG] org.apache.maven.plugins:maven-resources-plugin:jar:2.6
[DEBUG]    org.apache.maven:maven-plugin-api:jar:2.0.6:compile
[DEBUG]    org.apache.maven:maven-project:jar:2.0.6:compile
[DEBUG]       org.apache.maven:maven-profile:jar:2.0.6:compile
[DEBUG]       org.apache.maven:maven-artifact-manager:jar:2.0.6:compile
[DEBUG]       org.apache.maven:maven-plugin-registry:jar:2.0.6:compile
[DEBUG]    org.apache.maven:maven-core:jar:2.0.6:compile
[DEBUG]       org.apache.maven:maven-plugin-parameter-documenter:jar:2.0.6:compile
[DEBUG]       org.apache.maven.reporting:maven-reporting-api:jar:2.0.6:compile
[DEBUG]          org.apache.maven.doxia:doxia-sink-api:jar:1.0-alpha-7:compile
[DEBUG]       org.apache.maven:maven-repository-metadata:jar:2.0.6:compile
[DEBUG]       org.apache.maven:maven-error-diagnostics:jar:2.0.6:compile
[DEBUG]       commons-cli:commons-cli:jar:1.0:compile
[DEBUG]       org.apache.maven:maven-plugin-descriptor:jar:2.0.6:compile
[DEBUG]       org.codehaus.plexus:plexus-interactivity-api:jar:1.0-alpha-4:compile
[DEBUG]       classworlds:classworlds:jar:1.1:compile
[DEBUG]    org.apache.maven:maven-artifact:jar:2.0.6:compile
[DEBUG]    org.apache.maven:maven-settings:jar:2.0.6:compile
[DEBUG]    org.apache.maven:maven-model:jar:2.0.6:compile
[DEBUG]    org.apache.maven:maven-monitor:jar:2.0.6:compile
[DEBUG]    org.codehaus.plexus:plexus-container-default:jar:1.0-alpha-9-stable-1:compile
[DEBUG]       junit:junit:jar:3.8.1:compile
[DEBUG]    org.codehaus.plexus:plexus-utils:jar:2.0.5:compile
[DEBUG]    org.apache.maven.shared:maven-filtering:jar:1.1:compile
[DEBUG]       org.sonatype.plexus:plexus-build-api:jar:0.0.4:compile
[DEBUG]    org.codehaus.plexus:plexus-interpolation:jar:1.13:compile
[DEBUG] Created new class realm plugin>org.apache.maven.plugins:maven-resources-plugin:2.6
[DEBUG] Importing foreign packages into class realm plugin>org.apache.maven.plugins:maven-resources-plugin:2.6
[DEBUG]   Imported:  < maven.api
[DEBUG] Populating class realm plugin>org.apache.maven.plugins:maven-resources-plugin:2.6
[DEBUG]   Included: org.apache.maven.plugins:maven-resources-plugin:jar:2.6
[DEBUG]   Included: org.apache.maven.reporting:maven-reporting-api:jar:2.0.6
[DEBUG]   Included: org.apache.maven.doxia:doxia-sink-api:jar:1.0-alpha-7
[DEBUG]   Included: commons-cli:commons-cli:jar:1.0
[DEBUG]   Included: org.codehaus.plexus:plexus-interactivity-api:jar:1.0-alpha-4
[DEBUG]   Included: junit:junit:jar:3.8.1
[DEBUG]   Included: org.codehaus.plexus:plexus-utils:jar:2.0.5
[DEBUG]   Included: org.apache.maven.shared:maven-filtering:jar:1.1
[DEBUG]   Included: org.sonatype.plexus:plexus-build-api:jar:0.0.4
[DEBUG]   Included: org.codehaus.plexus:plexus-interpolation:jar:1.13
[DEBUG] Configuring mojo org.apache.maven.plugins:maven-resources-plugin:2.6:resources from plugin realm ClassRealm[plugin>org.apache.maven.plugins:maven-resources-plugin:2.6, parent: jdk.internal.loader.ClassLoaders$AppClassLoader@659e0bfd]
[DEBUG] Configuring mojo 'org.apache.maven.plugins:maven-resources-plugin:2.6:resources' with basic configurator -->
[DEBUG]   (f) buildFilters = []
[DEBUG]   (f) encoding = UTF-8
[DEBUG]   (f) escapeWindowsPaths = true
[DEBUG]   (s) includeEmptyDirs = false
[DEBUG]   (s) outputDirectory = C:\Users\vanit\eclipse-workspace\inetBankingV1\target\classes
[DEBUG]   (s) overwrite = false
[DEBUG]   (f) project = MavenProject: inetBankingV1:inetBankingV1:0.0.1-SNAPSHOT @ C:\Users\vanit\eclipse-workspace\inetBankingV1\pom.xml
[DEBUG]   (s) resources = [Resource {targetPath: null, filtering: false, FileSet {directory: C:\Users\vanit\eclipse-workspace\inetBankingV1\src\main\resources, PatternSet [includes: {}, excludes: {}]}}]
[DEBUG]   (f) session = org.apache.maven.execution.MavenSession@2f1ea80d
[DEBUG]   (f) supportMultiLineFiltering = false
[DEBUG]   (f) useBuildFilters = true
[DEBUG]   (s) useDefaultDelimiters = true
[DEBUG] -- end configuration --
[DEBUG] properties used {env.NUMBER_OF_PROCESSORS=8, env.USERPROFILE=C:\Users\vanit, java.specification.version=16, sun.cpu.isalist=amd64, sun.arch.data.model=64, env.PROGRAMW6432=C:\Program Files, java.vendor.url=https://java.oracle.com/, env.OS=Windows_NT, sun.boot.library.path=C:\Program Files\Java\jdk-16.0.2\bin, sun.java.command=org.codehaus.plexus.classworlds.launcher.Launcher -X test, env.SYSTEMROOT=C:\WINDOWS, jdk.debug=release, maven.version=3.8.4, java.specification.vendor=Oracle Corporation, java.version.date=2021-07-20, java.home=C:\Program Files\Java\jdk-16.0.2, java.vm.specification.vendor=Oracle Corporation, java.specification.name=Java Platform API Specification, env.LOCALAPPDATA=C:\Users\vanit\AppData\Local, env.USERDOMAIN_ROAMINGPROFILE=DESKTOP-D1LGIP8, user.script=, sun.management.compiler=HotSpot 64-Bit Tiered Compilers, java.runtime.version=16.0.2+7-67, env.PATH=C:\Program Files\Microsoft MPI\Bin\;C:\Program Files\Common Files\Oracle\Java\javapath;C:\WINDOWS\system32;C:\WINDOWS;C:\WINDOWS\System32\Wbem;C:\WINDOWS\System32\WindowsPowerShell\v1.0\;C:\WINDOWS\System32\OpenSSH\;C:\Program Files\nodejs\;C:\Program Files\Git\cmd;C:\Program Files\Java\jdk-16.0.2\bin;C:\Program Files (x86)\Microsoft SQL Server\150\Tools\Binn\;C:\Program Files\Microsoft SQL Server\150\Tools\Binn\;C:\Program Files (x86)\Microsoft SQL Server\150\DTS\Binn\;C:\Program Files\Microsoft SQL Server\150\DTS\Binn\;C:\Program Files\Microsoft SQL Server\Client SDK\ODBC\170\Tools\Binn\;C:\Program Files\Azure Data Studio\bin;C:\Program Files\Kubernetes\Minikube;C:\Opt\apache-maven-3.8.4\bin;C:\Users\vanit\AppData\Local\Programs\Python\Python38-32\Scripts\;C:\Users\vanit\AppData\Local\Programs\Python\Python38-32\;C:\Users\vanit\AppData\Local\Microsoft\WindowsApps;C:\Users\vanit\AppData\Local\Programs\Microsoft VS Code\bin;C:\Program Files\JetBrains\IntelliJ IDEA Community Edition 2020.2.3\bin;;C:\Users\vanit\Documents\cygwin64\bin;;C:\Program Files\Azure Data Studio\bin, env.PUBLIC=C:\Users\Public, env.EXEC_DIR=C:\Users\vanit\eclipse-workspace\inetBankingV1, env.COMMONPROGRAMW6432=C:\Program Files\Common Files, file.encoding=Cp1252, env.COMPUTERNAME=DESKTOP-D1LGIP8, env.HOMEPATH=\Users\vanit, env.APPDATA=C:\Users\vanit\AppData\Roaming, java.io.tmpdir=C:\Users\vanit\AppData\Local\Temp\, java.version=16.0.2, java.vm.specification.name=Java Virtual Machine Specification, java.library.path=C:\Program Files\Java\jdk-16.0.2\bin;C:\WINDOWS\Sun\Java\bin;C:\WINDOWS\system32;C:\WINDOWS;C:\Program Files\Microsoft MPI\Bin\;C:\Program Files\Common Files\Oracle\Java\javapath;C:\WINDOWS\system32;C:\WINDOWS;C:\WINDOWS\System32\Wbem;C:\WINDOWS\System32\WindowsPowerShell\v1.0\;C:\WINDOWS\System32\OpenSSH\;C:\Program Files\nodejs\;C:\Program Files\Git\cmd;C:\Program Files\Java\jdk-16.0.2\bin;C:\Program Files (x86)\Microsoft SQL Server\150\Tools\Binn\;C:\Program Files\Microsoft SQL Server\150\Tools\Binn\;C:\Program Files (x86)\Microsoft SQL Server\150\DTS\Binn\;C:\Program Files\Microsoft SQL Server\150\DTS\Binn\;C:\Program Files\Microsoft SQL Server\Client SDK\ODBC\170\Tools\Binn\;C:\Program Files\Azure Data Studio\bin;C:\Program Files\Kubernetes\Minikube;C:\Opt\apache-maven-3.8.4\bin;C:\Users\vanit\AppData\Local\Programs\Python\Python38-32\Scripts\;C:\Users\vanit\AppData\Local\Programs\Python\Python38-32\;C:\Users\vanit\AppData\Local\Microsoft\WindowsApps;C:\Users\vanit\AppData\Local\Programs\Microsoft VS Code\bin;C:\Program Files\JetBrains\IntelliJ IDEA Community Edition 2020.2.3\bin;;C:\Users\vanit\Documents\cygwin64\bin;;C:\Program Files\Azure Data Studio\bin;., java.vendor=Oracle Corporation, env.ERROR_CODE=0, classworlds.conf=C:\Opt\apache-maven-3.8.4\bin\m2.conf, sun.io.unicode.encoding=UnicodeLittle, env.MSMPI_BENCHMARKS=C:\Program Files\Microsoft MPI\Benchmarks\, java.vm.specification.version=16, os.name=Windows 10, env.=EXITCODE=00000001, env.JAVA-HOME=C:\Program Files\Java\jdk-16.0.2, env.INTELLIJ IDEA COMMUNITY EDITION=C:\Program Files\JetBrains\IntelliJ IDEA Community Edition 2020.2.3\bin;, env.=::=::\, maven.compiler.source=1.7, user.home=C:\Users\vanit, env.ALLUSERSPROFILE=C:\ProgramData, env.SESSIONNAME=Console, path.separator=;, os.version=10.0, env.CLASSWORLDS_LAUNCHER=org.codehaus.plexus.classworlds.launcher.Launcher, env.PATHEXT=.COM;.EXE;.BAT;.CMD;.VBS;.VBE;.JS;.JSE;.WSF;.WSH;.MSC, java.vm.name=Java HotSpot(TM) 64-Bit Server VM, env.USERNAME=vanit, os.arch=amd64, maven.multiModuleProjectDirectory=C:\Users\vanit\eclipse-workspace\inetBankingV1, env.MAVEN_PROJECTBASEDIR=C:\Users\vanit\eclipse-workspace\inetBankingV1, java.vm.info=mixed mode, sharing, env.TEMP=C:\Users\vanit\AppData\Local\Temp, java.class.version=60.0, env.ONEDRIVE=C:\Users\vanit\OneDrive, sun.jnu.encoding=Cp1252, maven.build.version=Apache Maven 3.8.4 (9b656c72d54e5bacbed989b64718c159fe39b537), maven.home=C:\Opt\apache-maven-3.8.4, sun.stderr.encoding=cp437, env.MSMPI_BIN=C:\Program Files\Microsoft MPI\Bin\, env.PROGRAMFILES=C:\Program Files, file.separator=\, java.vm.compressedOopsMode=32-bit, env.CLASSWORLDS_JAR="C:\Opt\apache-maven-3.8.4\boot\plexus-classworlds-2.6.0.jar", line.separator=
, env.PROMPT=$P$G, env.PROCESSOR_REVISION=8e0a, env.PROCESSOR_IDENTIFIER=Intel64 Family 6 Model 142 Stepping 10, GenuineIntel, env.PROGRAMDATA=C:\ProgramData, user.name=vanit, env.DRIVERDATA=C:\Windows\System32\Drivers\DriverData, env.SYSTEMDRIVE=C:, env.JVMCONFIG=\.mvn\jvm.config, env.PROGRAMFILES(X86)=C:\Program Files (x86), env.PROCESSOR_LEVEL=6, env.HOMEDRIVE=C:, env.PSMODULEPATH=C:\Program Files\WindowsPowerShell\Modules;C:\WINDOWS\system32\WindowsPowerShell\v1.0\Modules;C:\Program Files (x86)\Microsoft SQL Server\150\Tools\PowerShell\Modules\, env.TMP=C:\Users\vanit\AppData\Local\Temp, sun.os.patch.level=, maven.compiler.target=1.7, env.LOGONSERVER=\\DESKTOP-D1LGIP8, library.jansi.path=C:\Opt\apache-maven-3.8.4\lib\jansi-native, env.WINDIR=C:\WINDOWS, java.class.path=C:\Opt\apache-maven-3.8.4\boot\plexus-classworlds-2.6.0.jar, java.vm.vendor=Oracle Corporation, env.PROCESSOR_ARCHITECTURE=AMD64, user.variant=, env.COMMONPROGRAMFILES=C:\Program Files\Common Files, suiteXmlFile=testng.xml, maven.conf=C:\Opt\apache-maven-3.8.4/conf, sun.java.launcher=SUN_STANDARD, user.country=IN, env.USERDOMAIN=DESKTOP-D1LGIP8, env.COMSPEC=C:\WINDOWS\system32\cmd.exe, sun.cpu.endian=little, user.language=en, env.ASL.LOG=Destination=file, env.JAVACMD=C:\Program Files\Common Files\Oracle\Java\javapath\java.exe, env.MAVEN_HOME=C:\Opt\apache-maven-3.8.4, env.WDIR=C:\, env.=C:=C:\Users\vanit\eclipse-workspace\inetBankingV1, java.runtime.name=Java(TM) SE Runtime Environment, project.build.sourceEncoding=UTF-8, env.COMMONPROGRAMFILES(X86)=C:\Program Files (x86)\Common Files, env.ZES_ENABLE_SYSMAN=1, env.MAVEN_CMD_LINE_ARGS=-X test, java.vendor.url.bug=https://bugreport.java.com/bugreport/, user.dir=C:\Users\vanit\eclipse-workspace\inetBankingV1, env.ONEDRIVECONSUMER=C:\Users\vanit\OneDrive, java.vm.version=16.0.2+7-67}
[INFO] Using 'UTF-8' encoding to copy filtered resources.
[DEBUG] resource with targetPath null
directory C:\Users\vanit\eclipse-workspace\inetBankingV1\src\main\resources
excludes []
includes []
[INFO] skip non existing resourceDirectory C:\Users\vanit\eclipse-workspace\inetBankingV1\src\main\resources
[DEBUG] no use filter components
[INFO] 
[INFO] --- maven-compiler-plugin:3.9.0:compile (default-compile) @ inetBankingV1 ---
[DEBUG] Using mirror maven-default-http-blocker (http://0.0.0.0/) for ow2-snapshot (http://repository.ow2.org/nexus/content/repositories/snapshots).
[DEBUG] Dependency collection stats {ConflictMarker.analyzeTime=61700, ConflictMarker.markTime=45400, ConflictMarker.nodeCount=17, ConflictIdSorter.graphTime=15100, ConflictIdSorter.topsortTime=28700, ConflictIdSorter.conflictIdCount=12, ConflictIdSorter.conflictIdCycleCount=0, ConflictResolver.totalTime=288700, ConflictResolver.conflictItemCount=17, DefaultDependencyCollector.collectTime=87947200, DefaultDependencyCollector.transformTime=472500}
[DEBUG] org.apache.maven.plugins:maven-compiler-plugin:jar:3.9.0
[DEBUG]    org.apache.maven.shared:maven-shared-utils:jar:3.3.4:compile
[DEBUG]       commons-io:commons-io:jar:2.6:compile
[DEBUG]    org.apache.maven.shared:maven-shared-incremental:jar:1.1:compile
[DEBUG]       org.codehaus.plexus:plexus-component-annotations:jar:2.0.0:compile (version managed from default)
[DEBUG]    org.codehaus.plexus:plexus-java:jar:1.1.0:compile
[DEBUG]       org.ow2.asm:asm:jar:9.2:compile
[DEBUG]       com.thoughtworks.qdox:qdox:jar:2.0.1:compile (version managed from default)
[DEBUG]    org.codehaus.plexus:plexus-compiler-api:jar:2.9.0:compile
[DEBUG]       org.codehaus.plexus:plexus-utils:jar:3.3.0:compile
[DEBUG]    org.codehaus.plexus:plexus-compiler-manager:jar:2.9.0:compile
[DEBUG]    org.codehaus.plexus:plexus-compiler-javac:jar:2.9.0:runtime
[DEBUG] Created new class realm plugin>org.apache.maven.plugins:maven-compiler-plugin:3.9.0
[DEBUG] Importing foreign packages into class realm plugin>org.apache.maven.plugins:maven-compiler-plugin:3.9.0
[DEBUG]   Imported:  < maven.api
[DEBUG] Populating class realm plugin>org.apache.maven.plugins:maven-compiler-plugin:3.9.0
[DEBUG]   Included: org.apache.maven.plugins:maven-compiler-plugin:jar:3.9.0
[DEBUG]   Included: org.apache.maven.shared:maven-shared-utils:jar:3.3.4
[DEBUG]   Included: commons-io:commons-io:jar:2.6
[DEBUG]   Included: org.apache.maven.shared:maven-shared-incremental:jar:1.1
[DEBUG]   Included: org.codehaus.plexus:plexus-component-annotations:jar:2.0.0
[DEBUG]   Included: org.codehaus.plexus:plexus-java:jar:1.1.0
[DEBUG]   Included: org.ow2.asm:asm:jar:9.2
[DEBUG]   Included: com.thoughtworks.qdox:qdox:jar:2.0.1
[DEBUG]   Included: org.codehaus.plexus:plexus-compiler-api:jar:2.9.0
[DEBUG]   Included: org.codehaus.plexus:plexus-utils:jar:3.3.0
[DEBUG]   Included: org.codehaus.plexus:plexus-compiler-manager:jar:2.9.0
[DEBUG]   Included: org.codehaus.plexus:plexus-compiler-javac:jar:2.9.0
[DEBUG] Configuring mojo org.apache.maven.plugins:maven-compiler-plugin:3.9.0:compile from plugin realm ClassRealm[plugin>org.apache.maven.plugins:maven-compiler-plugin:3.9.0, parent: jdk.internal.loader.ClassLoaders$AppClassLoader@659e0bfd]
[DEBUG] Configuring mojo 'org.apache.maven.plugins:maven-compiler-plugin:3.9.0:compile' with basic configurator -->
[DEBUG]   (f) basedir = C:\Users\vanit\eclipse-workspace\inetBankingV1
[DEBUG]   (f) buildDirectory = C:\Users\vanit\eclipse-workspace\inetBankingV1\target
[DEBUG]   (f) compilePath = [C:\Users\vanit\eclipse-workspace\inetBankingV1\target\classes, C:\Users\vanit\.m2\repository\org\seleniumhq\selenium\selenium-java\4.1.1\selenium-java-4.1.1.jar, C:\Users\vanit\.m2\repository\org\seleniumhq\selenium\selenium-api\4.1.1\selenium-api-4.1.1.jar, C:\Users\vanit\.m2\repository\org\seleniumhq\selenium\selenium-chrome-driver\4.1.1\selenium-chrome-driver-4.1.1.jar, C:\Users\vanit\.m2\repository\com\google\auto\service\auto-service-annotations\1.0.1\auto-service-annotations-1.0.1.jar, C:\Users\vanit\.m2\repository\com\google\auto\service\auto-service\1.0.1\auto-service-1.0.1.jar, C:\Users\vanit\.m2\repository\com\google\auto\auto-common\1.2\auto-common-1.2.jar, C:\Users\vanit\.m2\repository\com\google\guava\guava\31.0.1-jre\guava-31.0.1-jre.jar, C:\Users\vanit\.m2\repository\com\google\guava\failureaccess\1.0.1\failureaccess-1.0.1.jar, C:\Users\vanit\.m2\repository\com\google\guava\listenablefuture\9999.0-empty-to-avoid-conflict-with-guava\listenablefuture-9999.0-empty-to-avoid-conflict-with-guava.jar, C:\Users\vanit\.m2\repository\org\checkerframework\checker-qual\3.12.0\checker-qual-3.12.0.jar, C:\Users\vanit\.m2\repository\com\google\errorprone\error_prone_annotations\2.7.1\error_prone_annotations-2.7.1.jar, C:\Users\vanit\.m2\repository\com\google\j2objc\j2objc-annotations\1.3\j2objc-annotations-1.3.jar, C:\Users\vanit\.m2\repository\org\seleniumhq\selenium\selenium-chromium-driver\4.1.1\selenium-chromium-driver-4.1.1.jar, C:\Users\vanit\.m2\repository\org\seleniumhq\selenium\selenium-json\4.1.1\selenium-json-4.1.1.jar, C:\Users\vanit\.m2\repository\org\seleniumhq\selenium\selenium-devtools-v85\4.1.1\selenium-devtools-v85-4.1.1.jar, C:\Users\vanit\.m2\repository\org\seleniumhq\selenium\selenium-devtools-v94\4.1.1\selenium-devtools-v94-4.1.1.jar, C:\Users\vanit\.m2\repository\org\seleniumhq\selenium\selenium-devtools-v95\4.1.1\selenium-devtools-v95-4.1.1.jar, C:\Users\vanit\.m2\repository\org\seleniumhq\selenium\selenium-devtools-v96\4.1.1\selenium-devtools-v96-4.1.1.jar, C:\Users\vanit\.m2\repository\org\seleniumhq\selenium\selenium-edge-driver\4.1.1\selenium-edge-driver-4.1.1.jar, C:\Users\vanit\.m2\repository\org\seleniumhq\selenium\selenium-firefox-driver\4.1.1\selenium-firefox-driver-4.1.1.jar, C:\Users\vanit\.m2\repository\org\seleniumhq\selenium\selenium-firefox-xpi-driver\4.1.1\selenium-firefox-xpi-driver-4.1.1.jar, C:\Users\vanit\.m2\repository\org\seleniumhq\selenium\selenium-ie-driver\4.1.1\selenium-ie-driver-4.1.1.jar, C:\Users\vanit\.m2\repository\org\seleniumhq\selenium\selenium-opera-driver\4.1.1\selenium-opera-driver-4.1.1.jar, C:\Users\vanit\.m2\repository\org\seleniumhq\selenium\selenium-remote-driver\4.1.1\selenium-remote-driver-4.1.1.jar, C:\Users\vanit\.m2\repository\io\netty\netty-buffer\4.1.70.Final\netty-buffer-4.1.70.Final.jar, C:\Users\vanit\.m2\repository\io\netty\netty-codec-http\4.1.70.Final\netty-codec-http-4.1.70.Final.jar, C:\Users\vanit\.m2\repository\io\netty\netty-codec\4.1.70.Final\netty-codec-4.1.70.Final.jar, C:\Users\vanit\.m2\repository\io\netty\netty-handler\4.1.70.Final\netty-handler-4.1.70.Final.jar, C:\Users\vanit\.m2\repository\io\netty\netty-common\4.1.70.Final\netty-common-4.1.70.Final.jar, C:\Users\vanit\.m2\repository\io\netty\netty-transport-classes-epoll\4.1.70.Final\netty-transport-classes-epoll-4.1.70.Final.jar, C:\Users\vanit\.m2\repository\io\netty\netty-transport-classes-kqueue\4.1.70.Final\netty-transport-classes-kqueue-4.1.70.Final.jar, C:\Users\vanit\.m2\repository\io\netty\netty-transport-native-unix-common\4.1.70.Final\netty-transport-native-unix-common-4.1.70.Final.jar, C:\Users\vanit\.m2\repository\io\netty\netty-transport\4.1.70.Final\netty-transport-4.1.70.Final.jar, C:\Users\vanit\.m2\repository\io\netty\netty-resolver\4.1.70.Final\netty-resolver-4.1.70.Final.jar, C:\Users\vanit\.m2\repository\io\opentelemetry\opentelemetry-api\1.9.1\opentelemetry-api-1.9.1.jar, C:\Users\vanit\.m2\repository\io\opentelemetry\opentelemetry-context\1.9.1\opentelemetry-context-1.9.1.jar, C:\Users\vanit\.m2\repository\io\opentelemetry\opentelemetry-exporter-logging\1.9.1\opentelemetry-exporter-logging-1.9.1.jar, C:\Users\vanit\.m2\repository\io\opentelemetry\opentelemetry-sdk-metrics\1.9.1-alpha\opentelemetry-sdk-metrics-1.9.1-alpha.jar, C:\Users\vanit\.m2\repository\io\opentelemetry\opentelemetry-sdk-logs\1.9.1-alpha\opentelemetry-sdk-logs-1.9.1-alpha.jar, C:\Users\vanit\.m2\repository\io\opentelemetry\opentelemetry-sdk-common\1.9.1\opentelemetry-sdk-common-1.9.1.jar, C:\Users\vanit\.m2\repository\io\opentelemetry\opentelemetry-sdk-extension-autoconfigure-spi\1.9.1\opentelemetry-sdk-extension-autoconfigure-spi-1.9.1.jar, C:\Users\vanit\.m2\repository\io\opentelemetry\opentelemetry-sdk-extension-autoconfigure\1.9.1-alpha\opentelemetry-sdk-extension-autoconfigure-1.9.1-alpha.jar, C:\Users\vanit\.m2\repository\io\opentelemetry\opentelemetry-sdk-trace\1.9.1\opentelemetry-sdk-trace-1.9.1.jar, C:\Users\vanit\.m2\repository\io\opentelemetry\opentelemetry-api-metrics\1.9.1-alpha\opentelemetry-api-metrics-1.9.1-alpha.jar, C:\Users\vanit\.m2\repository\io\opentelemetry\opentelemetry-sdk\1.9.1\opentelemetry-sdk-1.9.1.jar, C:\Users\vanit\.m2\repository\io\opentelemetry\opentelemetry-semconv\1.9.1-alpha\opentelemetry-semconv-1.9.1-alpha.jar, C:\Users\vanit\.m2\repository\io\ous\jtoml\2.0.0\jtoml-2.0.0.jar, C:\Users\vanit\.m2\repository\net\bytebuddy\byte-buddy\1.12.2\byte-buddy-1.12.2.jar, C:\Users\vanit\.m2\repository\org\apache\commons\commons-exec\1.3\commons-exec-1.3.jar, C:\Users\vanit\.m2\repository\org\asynchttpclient\async-http-client\2.12.3\async-http-client-2.12.3.jar, C:\Users\vanit\.m2\repository\org\asynchttpclient\async-http-client-netty-utils\2.12.3\async-http-client-netty-utils-2.12.3.jar, C:\Users\vanit\.m2\repository\io\netty\netty-codec-socks\4.1.60.Final\netty-codec-socks-4.1.60.Final.jar, C:\Users\vanit\.m2\repository\io\netty\netty-handler-proxy\4.1.60.Final\netty-handler-proxy-4.1.60.Final.jar, C:\Users\vanit\.m2\repository\io\netty\netty-transport-native-epoll\4.1.60.Final\netty-transport-native-epoll-4.1.60.Final-linux-x86_64.jar, C:\Users\vanit\.m2\repository\io\netty\netty-transport-native-kqueue\4.1.60.Final\netty-transport-native-kqueue-4.1.60.Final-osx-x86_64.jar, C:\Users\vanit\.m2\repository\com\typesafe\netty\netty-reactive-streams\2.0.4\netty-reactive-streams-2.0.4.jar, C:\Users\vanit\.m2\repository\com\sun\activation\jakarta.activation\1.2.2\jakarta.activation-1.2.2.jar, C:\Users\vanit\.m2\repository\org\seleniumhq\selenium\selenium-http\4.1.1\selenium-http-4.1.1.jar, C:\Users\vanit\.m2\repository\net\jodah\failsafe\2.4.4\failsafe-2.4.4.jar, C:\Users\vanit\.m2\repository\org\seleniumhq\selenium\selenium-safari-driver\4.1.1\selenium-safari-driver-4.1.1.jar, C:\Users\vanit\.m2\repository\org\seleniumhq\selenium\selenium-support\4.1.1\selenium-support-4.1.1.jar, C:\Users\vanit\.m2\repository\com\google\code\findbugs\jsr305\3.0.1\jsr305-3.0.1.jar, C:\Users\vanit\.m2\repository\org\slf4j\slf4j-api\1.7.32\slf4j-api-1.7.32.jar, C:\Users\vanit\.m2\repository\com\beust\jcommander\1.78\jcommander-1.78.jar, C:\Users\vanit\.m2\repository\org\apache\poi\poi\5.2.0\poi-5.2.0.jar, C:\Users\vanit\.m2\repository\commons-codec\commons-codec\1.15\commons-codec-1.15.jar, C:\Users\vanit\.m2\repository\org\apache\commons\commons-collections4\4.4\commons-collections4-4.4.jar, C:\Users\vanit\.m2\repository\org\apache\commons\commons-math3\3.6.1\commons-math3-3.6.1.jar, C:\Users\vanit\.m2\repository\com\zaxxer\SparseBitSet\1.2\SparseBitSet-1.2.jar, C:\Users\vanit\.m2\repository\org\apache\poi\poi-ooxml\5.2.0\poi-ooxml-5.2.0.jar, C:\Users\vanit\.m2\repository\org\apache\poi\poi-ooxml-lite\5.2.0\poi-ooxml-lite-5.2.0.jar, C:\Users\vanit\.m2\repository\org\apache\xmlbeans\xmlbeans\5.0.3\xmlbeans-5.0.3.jar, C:\Users\vanit\.m2\repository\org\apache\commons\commons-compress\1.21\commons-compress-1.21.jar, C:\Users\vanit\.m2\repository\com\github\virtuald\curvesapi\1.06\curvesapi-1.06.jar, C:\Users\vanit\.m2\repository\com\aventstack\extentreports\5.0.9\extentreports-5.0.9.jar, C:\Users\vanit\.m2\repository\io\reactivex\rxjava3\rxjava\3.0.4\rxjava-3.0.4.jar, C:\Users\vanit\.m2\repository\org\reactivestreams\reactive-streams\1.0.3\reactive-streams-1.0.3.jar, C:\Users\vanit\.m2\repository\org\freemarker\freemarker\2.3.30\freemarker-2.3.30.jar, C:\Users\vanit\.m2\repository\org\projectlombok\lombok\1.18.12\lombok-1.18.12.jar, C:\Users\vanit\.m2\repository\com\google\code\gson\gson\2.8.6\gson-2.8.6.jar, C:\Users\vanit\.m2\repository\org\apache\commons\commons-lang3\3.12.0\commons-lang3-3.12.0.jar, C:\Users\vanit\.m2\repository\commons-io\commons-io\2.11.0\commons-io-2.11.0.jar, C:\Users\vanit\.m2\repository\log4j\log4j\1.2.16\log4j-1.2.16.jar, C:\Users\vanit\.m2\repository\org\apache\logging\log4j\log4j-core\2.17.1\log4j-core-2.17.1.jar, C:\Users\vanit\.m2\repository\org\apache\logging\log4j\log4j-api\2.17.1\log4j-api-2.17.1.jar]
[DEBUG]   (f) compileSourceRoots = [C:\Users\vanit\eclipse-workspace\inetBankingV1\src\main\java]
[DEBUG]   (f) compilerId = javac
[DEBUG]   (f) debug = true
[DEBUG]   (f) encoding = UTF-8
[DEBUG]   (f) failOnError = true
[DEBUG]   (f) failOnWarning = false
[DEBUG]   (f) forceJavacCompilerUse = false
[DEBUG]   (f) fork = false
[DEBUG]   (f) generatedSourcesDirectory = C:\Users\vanit\eclipse-workspace\inetBankingV1\target\generated-sources\annotations
[DEBUG]   (f) mojoExecution = org.apache.maven.plugins:maven-compiler-plugin:3.9.0:compile {execution: default-compile}
[DEBUG]   (f) optimize = false
[DEBUG]   (f) outputDirectory = C:\Users\vanit\eclipse-workspace\inetBankingV1\target\classes
[DEBUG]   (f) parameters = false
[DEBUG]   (f) project = MavenProject: inetBankingV1:inetBankingV1:0.0.1-SNAPSHOT @ C:\Users\vanit\eclipse-workspace\inetBankingV1\pom.xml
[DEBUG]   (f) projectArtifact = inetBankingV1:inetBankingV1:jar:0.0.1-SNAPSHOT
[DEBUG]   (f) session = org.apache.maven.execution.MavenSession@2f1ea80d
[DEBUG]   (f) showDeprecation = false
[DEBUG]   (f) showWarnings = false
[DEBUG]   (f) skipMultiThreadWarning = false
[DEBUG]   (f) source = 1.7
[DEBUG]   (f) staleMillis = 0
[DEBUG]   (s) target = 1.7
[DEBUG]   (f) useIncrementalCompilation = true
[DEBUG]   (f) verbose = false
[DEBUG] -- end configuration --
[DEBUG] Using compiler 'javac'.
[DEBUG] Adding C:\Users\vanit\eclipse-workspace\inetBankingV1\target\generated-sources\annotations to compile source roots:
  C:\Users\vanit\eclipse-workspace\inetBankingV1\src\main\java
[DEBUG] New compile source roots:
  C:\Users\vanit\eclipse-workspace\inetBankingV1\src\main\java
  C:\Users\vanit\eclipse-workspace\inetBankingV1\target\generated-sources\annotations
[DEBUG] CompilerReuseStrategy: reuseCreated
[DEBUG] useIncrementalCompilation enabled
[INFO] Nothing to compile - all classes are up to date
[INFO] 
[INFO] --- maven-resources-plugin:2.6:testResources (default-testResources) @ inetBankingV1 ---
[DEBUG] Configuring mojo org.apache.maven.plugins:maven-resources-plugin:2.6:testResources from plugin realm ClassRealm[plugin>org.apache.maven.plugins:maven-resources-plugin:2.6, parent: jdk.internal.loader.ClassLoaders$AppClassLoader@659e0bfd]
[DEBUG] Configuring mojo 'org.apache.maven.plugins:maven-resources-plugin:2.6:testResources' with basic configurator -->
[DEBUG]   (f) buildFilters = []
[DEBUG]   (f) encoding = UTF-8
[DEBUG]   (f) escapeWindowsPaths = true
[DEBUG]   (s) includeEmptyDirs = false
[DEBUG]   (s) outputDirectory = C:\Users\vanit\eclipse-workspace\inetBankingV1\target\test-classes
[DEBUG]   (s) overwrite = false
[DEBUG]   (f) project = MavenProject: inetBankingV1:inetBankingV1:0.0.1-SNAPSHOT @ C:\Users\vanit\eclipse-workspace\inetBankingV1\pom.xml
[DEBUG]   (s) resources = [Resource {targetPath: null, filtering: false, FileSet {directory: C:\Users\vanit\eclipse-workspace\inetBankingV1\src\test\resources, PatternSet [includes: {}, excludes: {}]}}]
[DEBUG]   (f) session = org.apache.maven.execution.MavenSession@2f1ea80d
[DEBUG]   (f) supportMultiLineFiltering = false
[DEBUG]   (f) useBuildFilters = true
[DEBUG]   (s) useDefaultDelimiters = true
[DEBUG] -- end configuration --
[DEBUG] properties used {env.NUMBER_OF_PROCESSORS=8, env.USERPROFILE=C:\Users\vanit, java.specification.version=16, sun.cpu.isalist=amd64, sun.arch.data.model=64, env.PROGRAMW6432=C:\Program Files, java.vendor.url=https://java.oracle.com/, env.OS=Windows_NT, sun.boot.library.path=C:\Program Files\Java\jdk-16.0.2\bin, sun.java.command=org.codehaus.plexus.classworlds.launcher.Launcher -X test, env.SYSTEMROOT=C:\WINDOWS, jdk.debug=release, maven.version=3.8.4, java.specification.vendor=Oracle Corporation, java.version.date=2021-07-20, java.home=C:\Program Files\Java\jdk-16.0.2, java.vm.specification.vendor=Oracle Corporation, java.specification.name=Java Platform API Specification, env.LOCALAPPDATA=C:\Users\vanit\AppData\Local, env.USERDOMAIN_ROAMINGPROFILE=DESKTOP-D1LGIP8, user.script=, sun.management.compiler=HotSpot 64-Bit Tiered Compilers, java.runtime.version=16.0.2+7-67, env.PATH=C:\Program Files\Microsoft MPI\Bin\;C:\Program Files\Common Files\Oracle\Java\javapath;C:\WINDOWS\system32;C:\WINDOWS;C:\WINDOWS\System32\Wbem;C:\WINDOWS\System32\WindowsPowerShell\v1.0\;C:\WINDOWS\System32\OpenSSH\;C:\Program Files\nodejs\;C:\Program Files\Git\cmd;C:\Program Files\Java\jdk-16.0.2\bin;C:\Program Files (x86)\Microsoft SQL Server\150\Tools\Binn\;C:\Program Files\Microsoft SQL Server\150\Tools\Binn\;C:\Program Files (x86)\Microsoft SQL Server\150\DTS\Binn\;C:\Program Files\Microsoft SQL Server\150\DTS\Binn\;C:\Program Files\Microsoft SQL Server\Client SDK\ODBC\170\Tools\Binn\;C:\Program Files\Azure Data Studio\bin;C:\Program Files\Kubernetes\Minikube;C:\Opt\apache-maven-3.8.4\bin;C:\Users\vanit\AppData\Local\Programs\Python\Python38-32\Scripts\;C:\Users\vanit\AppData\Local\Programs\Python\Python38-32\;C:\Users\vanit\AppData\Local\Microsoft\WindowsApps;C:\Users\vanit\AppData\Local\Programs\Microsoft VS Code\bin;C:\Program Files\JetBrains\IntelliJ IDEA Community Edition 2020.2.3\bin;;C:\Users\vanit\Documents\cygwin64\bin;;C:\Program Files\Azure Data Studio\bin, env.PUBLIC=C:\Users\Public, env.EXEC_DIR=C:\Users\vanit\eclipse-workspace\inetBankingV1, env.COMMONPROGRAMW6432=C:\Program Files\Common Files, file.encoding=Cp1252, env.COMPUTERNAME=DESKTOP-D1LGIP8, env.HOMEPATH=\Users\vanit, env.APPDATA=C:\Users\vanit\AppData\Roaming, java.io.tmpdir=C:\Users\vanit\AppData\Local\Temp\, java.version=16.0.2, java.vm.specification.name=Java Virtual Machine Specification, java.library.path=C:\Program Files\Java\jdk-16.0.2\bin;C:\WINDOWS\Sun\Java\bin;C:\WINDOWS\system32;C:\WINDOWS;C:\Program Files\Microsoft MPI\Bin\;C:\Program Files\Common Files\Oracle\Java\javapath;C:\WINDOWS\system32;C:\WINDOWS;C:\WINDOWS\System32\Wbem;C:\WINDOWS\System32\WindowsPowerShell\v1.0\;C:\WINDOWS\System32\OpenSSH\;C:\Program Files\nodejs\;C:\Program Files\Git\cmd;C:\Program Files\Java\jdk-16.0.2\bin;C:\Program Files (x86)\Microsoft SQL Server\150\Tools\Binn\;C:\Program Files\Microsoft SQL Server\150\Tools\Binn\;C:\Program Files (x86)\Microsoft SQL Server\150\DTS\Binn\;C:\Program Files\Microsoft SQL Server\150\DTS\Binn\;C:\Program Files\Microsoft SQL Server\Client SDK\ODBC\170\Tools\Binn\;C:\Program Files\Azure Data Studio\bin;C:\Program Files\Kubernetes\Minikube;C:\Opt\apache-maven-3.8.4\bin;C:\Users\vanit\AppData\Local\Programs\Python\Python38-32\Scripts\;C:\Users\vanit\AppData\Local\Programs\Python\Python38-32\;C:\Users\vanit\AppData\Local\Microsoft\WindowsApps;C:\Users\vanit\AppData\Local\Programs\Microsoft VS Code\bin;C:\Program Files\JetBrains\IntelliJ IDEA Community Edition 2020.2.3\bin;;C:\Users\vanit\Documents\cygwin64\bin;;C:\Program Files\Azure Data Studio\bin;., java.vendor=Oracle Corporation, env.ERROR_CODE=0, classworlds.conf=C:\Opt\apache-maven-3.8.4\bin\m2.conf, sun.io.unicode.encoding=UnicodeLittle, env.MSMPI_BENCHMARKS=C:\Program Files\Microsoft MPI\Benchmarks\, java.vm.specification.version=16, os.name=Windows 10, env.=EXITCODE=00000001, env.JAVA-HOME=C:\Program Files\Java\jdk-16.0.2, env.INTELLIJ IDEA COMMUNITY EDITION=C:\Program Files\JetBrains\IntelliJ IDEA Community Edition 2020.2.3\bin;, env.=::=::\, maven.compiler.source=1.7, user.home=C:\Users\vanit, env.ALLUSERSPROFILE=C:\ProgramData, env.SESSIONNAME=Console, path.separator=;, os.version=10.0, env.CLASSWORLDS_LAUNCHER=org.codehaus.plexus.classworlds.launcher.Launcher, env.PATHEXT=.COM;.EXE;.BAT;.CMD;.VBS;.VBE;.JS;.JSE;.WSF;.WSH;.MSC, java.vm.name=Java HotSpot(TM) 64-Bit Server VM, env.USERNAME=vanit, os.arch=amd64, maven.multiModuleProjectDirectory=C:\Users\vanit\eclipse-workspace\inetBankingV1, env.MAVEN_PROJECTBASEDIR=C:\Users\vanit\eclipse-workspace\inetBankingV1, java.vm.info=mixed mode, sharing, env.TEMP=C:\Users\vanit\AppData\Local\Temp, java.class.version=60.0, env.ONEDRIVE=C:\Users\vanit\OneDrive, sun.jnu.encoding=Cp1252, maven.build.version=Apache Maven 3.8.4 (9b656c72d54e5bacbed989b64718c159fe39b537), maven.home=C:\Opt\apache-maven-3.8.4, sun.stderr.encoding=cp437, env.MSMPI_BIN=C:\Program Files\Microsoft MPI\Bin\, env.PROGRAMFILES=C:\Program Files, file.separator=\, java.vm.compressedOopsMode=32-bit, env.CLASSWORLDS_JAR="C:\Opt\apache-maven-3.8.4\boot\plexus-classworlds-2.6.0.jar", line.separator=
, env.PROMPT=$P$G, env.PROCESSOR_REVISION=8e0a, env.PROCESSOR_IDENTIFIER=Intel64 Family 6 Model 142 Stepping 10, GenuineIntel, env.PROGRAMDATA=C:\ProgramData, user.name=vanit, env.DRIVERDATA=C:\Windows\System32\Drivers\DriverData, env.SYSTEMDRIVE=C:, env.JVMCONFIG=\.mvn\jvm.config, env.PROGRAMFILES(X86)=C:\Program Files (x86), env.PROCESSOR_LEVEL=6, env.HOMEDRIVE=C:, env.PSMODULEPATH=C:\Program Files\WindowsPowerShell\Modules;C:\WINDOWS\system32\WindowsPowerShell\v1.0\Modules;C:\Program Files (x86)\Microsoft SQL Server\150\Tools\PowerShell\Modules\, env.TMP=C:\Users\vanit\AppData\Local\Temp, sun.os.patch.level=, maven.compiler.target=1.7, env.LOGONSERVER=\\DESKTOP-D1LGIP8, library.jansi.path=C:\Opt\apache-maven-3.8.4\lib\jansi-native, env.WINDIR=C:\WINDOWS, java.class.path=C:\Opt\apache-maven-3.8.4\boot\plexus-classworlds-2.6.0.jar, java.vm.vendor=Oracle Corporation, env.PROCESSOR_ARCHITECTURE=AMD64, user.variant=, env.COMMONPROGRAMFILES=C:\Program Files\Common Files, suiteXmlFile=testng.xml, maven.conf=C:\Opt\apache-maven-3.8.4/conf, sun.java.launcher=SUN_STANDARD, user.country=IN, env.USERDOMAIN=DESKTOP-D1LGIP8, env.COMSPEC=C:\WINDOWS\system32\cmd.exe, sun.cpu.endian=little, user.language=en, env.ASL.LOG=Destination=file, env.JAVACMD=C:\Program Files\Common Files\Oracle\Java\javapath\java.exe, env.MAVEN_HOME=C:\Opt\apache-maven-3.8.4, env.WDIR=C:\, env.=C:=C:\Users\vanit\eclipse-workspace\inetBankingV1, java.runtime.name=Java(TM) SE Runtime Environment, project.build.sourceEncoding=UTF-8, env.COMMONPROGRAMFILES(X86)=C:\Program Files (x86)\Common Files, env.ZES_ENABLE_SYSMAN=1, env.MAVEN_CMD_LINE_ARGS=-X test, java.vendor.url.bug=https://bugreport.java.com/bugreport/, user.dir=C:\Users\vanit\eclipse-workspace\inetBankingV1, env.ONEDRIVECONSUMER=C:\Users\vanit\OneDrive, java.vm.version=16.0.2+7-67}
[INFO] Using 'UTF-8' encoding to copy filtered resources.
[DEBUG] resource with targetPath null
directory C:\Users\vanit\eclipse-workspace\inetBankingV1\src\test\resources
excludes []
includes []
[INFO] skip non existing resourceDirectory C:\Users\vanit\eclipse-workspace\inetBankingV1\src\test\resources
[DEBUG] no use filter components
[INFO] 
[INFO] --- maven-compiler-plugin:3.9.0:testCompile (default-testCompile) @ inetBankingV1 ---
[DEBUG] Configuring mojo org.apache.maven.plugins:maven-compiler-plugin:3.9.0:testCompile from plugin realm ClassRealm[plugin>org.apache.maven.plugins:maven-compiler-plugin:3.9.0, parent: jdk.internal.loader.ClassLoaders$AppClassLoader@659e0bfd]
[DEBUG] Configuring mojo 'org.apache.maven.plugins:maven-compiler-plugin:3.9.0:testCompile' with basic configurator -->
[DEBUG]   (f) basedir = C:\Users\vanit\eclipse-workspace\inetBankingV1
[DEBUG]   (f) buildDirectory = C:\Users\vanit\eclipse-workspace\inetBankingV1\target
[DEBUG]   (f) compileSourceRoots = [C:\Users\vanit\eclipse-workspace\inetBankingV1\src\test\java]
[DEBUG]   (f) compilerId = javac
[DEBUG]   (f) debug = true
[DEBUG]   (f) encoding = UTF-8
[DEBUG]   (f) failOnError = true
[DEBUG]   (f) failOnWarning = false
[DEBUG]   (f) forceJavacCompilerUse = false
[DEBUG]   (f) fork = false
[DEBUG]   (f) generatedTestSourcesDirectory = C:\Users\vanit\eclipse-workspace\inetBankingV1\target\generated-test-sources\test-annotations
[DEBUG]   (f) mojoExecution = org.apache.maven.plugins:maven-compiler-plugin:3.9.0:testCompile {execution: default-testCompile}
[DEBUG]   (f) optimize = false
[DEBUG]   (f) outputDirectory = C:\Users\vanit\eclipse-workspace\inetBankingV1\target\test-classes
[DEBUG]   (f) parameters = false
[DEBUG]   (f) project = MavenProject: inetBankingV1:inetBankingV1:0.0.1-SNAPSHOT @ C:\Users\vanit\eclipse-workspace\inetBankingV1\pom.xml
[DEBUG]   (f) session = org.apache.maven.execution.MavenSession@2f1ea80d
[DEBUG]   (f) showDeprecation = false
[DEBUG]   (f) showWarnings = false
[DEBUG]   (f) skipMultiThreadWarning = false
[DEBUG]   (f) source = 1.7
[DEBUG]   (f) staleMillis = 0
[DEBUG]   (s) target = 1.7
[DEBUG]   (f) testPath = [C:\Users\vanit\eclipse-workspace\inetBankingV1\target\test-classes, C:\Users\vanit\eclipse-workspace\inetBankingV1\target\classes, C:\Users\vanit\.m2\repository\org\seleniumhq\selenium\selenium-java\4.1.1\selenium-java-4.1.1.jar, C:\Users\vanit\.m2\repository\org\seleniumhq\selenium\selenium-api\4.1.1\selenium-api-4.1.1.jar, C:\Users\vanit\.m2\repository\org\seleniumhq\selenium\selenium-chrome-driver\4.1.1\selenium-chrome-driver-4.1.1.jar, C:\Users\vanit\.m2\repository\com\google\auto\service\auto-service-annotations\1.0.1\auto-service-annotations-1.0.1.jar, C:\Users\vanit\.m2\repository\com\google\auto\service\auto-service\1.0.1\auto-service-1.0.1.jar, C:\Users\vanit\.m2\repository\com\google\auto\auto-common\1.2\auto-common-1.2.jar, C:\Users\vanit\.m2\repository\com\google\guava\guava\31.0.1-jre\guava-31.0.1-jre.jar, C:\Users\vanit\.m2\repository\com\google\guava\failureaccess\1.0.1\failureaccess-1.0.1.jar, C:\Users\vanit\.m2\repository\com\google\guava\listenablefuture\9999.0-empty-to-avoid-conflict-with-guava\listenablefuture-9999.0-empty-to-avoid-conflict-with-guava.jar, C:\Users\vanit\.m2\repository\org\checkerframework\checker-qual\3.12.0\checker-qual-3.12.0.jar, C:\Users\vanit\.m2\repository\com\google\errorprone\error_prone_annotations\2.7.1\error_prone_annotations-2.7.1.jar, C:\Users\vanit\.m2\repository\com\google\j2objc\j2objc-annotations\1.3\j2objc-annotations-1.3.jar, C:\Users\vanit\.m2\repository\org\seleniumhq\selenium\selenium-chromium-driver\4.1.1\selenium-chromium-driver-4.1.1.jar, C:\Users\vanit\.m2\repository\org\seleniumhq\selenium\selenium-json\4.1.1\selenium-json-4.1.1.jar, C:\Users\vanit\.m2\repository\org\seleniumhq\selenium\selenium-devtools-v85\4.1.1\selenium-devtools-v85-4.1.1.jar, C:\Users\vanit\.m2\repository\org\seleniumhq\selenium\selenium-devtools-v94\4.1.1\selenium-devtools-v94-4.1.1.jar, C:\Users\vanit\.m2\repository\org\seleniumhq\selenium\selenium-devtools-v95\4.1.1\selenium-devtools-v95-4.1.1.jar, C:\Users\vanit\.m2\repository\org\seleniumhq\selenium\selenium-devtools-v96\4.1.1\selenium-devtools-v96-4.1.1.jar, C:\Users\vanit\.m2\repository\org\seleniumhq\selenium\selenium-edge-driver\4.1.1\selenium-edge-driver-4.1.1.jar, C:\Users\vanit\.m2\repository\org\seleniumhq\selenium\selenium-firefox-driver\4.1.1\selenium-firefox-driver-4.1.1.jar, C:\Users\vanit\.m2\repository\org\seleniumhq\selenium\selenium-firefox-xpi-driver\4.1.1\selenium-firefox-xpi-driver-4.1.1.jar, C:\Users\vanit\.m2\repository\org\seleniumhq\selenium\selenium-ie-driver\4.1.1\selenium-ie-driver-4.1.1.jar, C:\Users\vanit\.m2\repository\org\seleniumhq\selenium\selenium-opera-driver\4.1.1\selenium-opera-driver-4.1.1.jar, C:\Users\vanit\.m2\repository\org\seleniumhq\selenium\selenium-remote-driver\4.1.1\selenium-remote-driver-4.1.1.jar, C:\Users\vanit\.m2\repository\io\netty\netty-buffer\4.1.70.Final\netty-buffer-4.1.70.Final.jar, C:\Users\vanit\.m2\repository\io\netty\netty-codec-http\4.1.70.Final\netty-codec-http-4.1.70.Final.jar, C:\Users\vanit\.m2\repository\io\netty\netty-codec\4.1.70.Final\netty-codec-4.1.70.Final.jar, C:\Users\vanit\.m2\repository\io\netty\netty-handler\4.1.70.Final\netty-handler-4.1.70.Final.jar, C:\Users\vanit\.m2\repository\io\netty\netty-common\4.1.70.Final\netty-common-4.1.70.Final.jar, C:\Users\vanit\.m2\repository\io\netty\netty-transport-classes-epoll\4.1.70.Final\netty-transport-classes-epoll-4.1.70.Final.jar, C:\Users\vanit\.m2\repository\io\netty\netty-transport-classes-kqueue\4.1.70.Final\netty-transport-classes-kqueue-4.1.70.Final.jar, C:\Users\vanit\.m2\repository\io\netty\netty-transport-native-unix-common\4.1.70.Final\netty-transport-native-unix-common-4.1.70.Final.jar, C:\Users\vanit\.m2\repository\io\netty\netty-transport\4.1.70.Final\netty-transport-4.1.70.Final.jar, C:\Users\vanit\.m2\repository\io\netty\netty-resolver\4.1.70.Final\netty-resolver-4.1.70.Final.jar, C:\Users\vanit\.m2\repository\io\opentelemetry\opentelemetry-api\1.9.1\opentelemetry-api-1.9.1.jar, C:\Users\vanit\.m2\repository\io\opentelemetry\opentelemetry-context\1.9.1\opentelemetry-context-1.9.1.jar, C:\Users\vanit\.m2\repository\io\opentelemetry\opentelemetry-exporter-logging\1.9.1\opentelemetry-exporter-logging-1.9.1.jar, C:\Users\vanit\.m2\repository\io\opentelemetry\opentelemetry-sdk-metrics\1.9.1-alpha\opentelemetry-sdk-metrics-1.9.1-alpha.jar, C:\Users\vanit\.m2\repository\io\opentelemetry\opentelemetry-sdk-logs\1.9.1-alpha\opentelemetry-sdk-logs-1.9.1-alpha.jar, C:\Users\vanit\.m2\repository\com\fasterxml\jackson\core\jackson-databind\2.13.0\jackson-databind-2.13.0.jar, C:\Users\vanit\.m2\repository\com\fasterxml\jackson\core\jackson-annotations\2.13.0\jackson-annotations-2.13.0.jar, C:\Users\vanit\.m2\repository\com\fasterxml\jackson\core\jackson-core\2.13.0\jackson-core-2.13.0.jar, C:\Users\vanit\.m2\repository\io\opentelemetry\opentelemetry-sdk-common\1.9.1\opentelemetry-sdk-common-1.9.1.jar, C:\Users\vanit\.m2\repository\io\opentelemetry\opentelemetry-sdk-extension-autoconfigure-spi\1.9.1\opentelemetry-sdk-extension-autoconfigure-spi-1.9.1.jar, C:\Users\vanit\.m2\repository\io\opentelemetry\opentelemetry-sdk-extension-autoconfigure\1.9.1-alpha\opentelemetry-sdk-extension-autoconfigure-1.9.1-alpha.jar, C:\Users\vanit\.m2\repository\io\opentelemetry\opentelemetry-sdk-trace\1.9.1\opentelemetry-sdk-trace-1.9.1.jar, C:\Users\vanit\.m2\repository\io\opentelemetry\opentelemetry-api-metrics\1.9.1-alpha\opentelemetry-api-metrics-1.9.1-alpha.jar, C:\Users\vanit\.m2\repository\io\opentelemetry\opentelemetry-sdk\1.9.1\opentelemetry-sdk-1.9.1.jar, C:\Users\vanit\.m2\repository\io\opentelemetry\opentelemetry-semconv\1.9.1-alpha\opentelemetry-semconv-1.9.1-alpha.jar, C:\Users\vanit\.m2\repository\io\ous\jtoml\2.0.0\jtoml-2.0.0.jar, C:\Users\vanit\.m2\repository\net\bytebuddy\byte-buddy\1.12.2\byte-buddy-1.12.2.jar, C:\Users\vanit\.m2\repository\org\apache\commons\commons-exec\1.3\commons-exec-1.3.jar, C:\Users\vanit\.m2\repository\org\asynchttpclient\async-http-client\2.12.3\async-http-client-2.12.3.jar, C:\Users\vanit\.m2\repository\org\asynchttpclient\async-http-client-netty-utils\2.12.3\async-http-client-netty-utils-2.12.3.jar, C:\Users\vanit\.m2\repository\io\netty\netty-codec-socks\4.1.60.Final\netty-codec-socks-4.1.60.Final.jar, C:\Users\vanit\.m2\repository\io\netty\netty-handler-proxy\4.1.60.Final\netty-handler-proxy-4.1.60.Final.jar, C:\Users\vanit\.m2\repository\io\netty\netty-transport-native-epoll\4.1.60.Final\netty-transport-native-epoll-4.1.60.Final-linux-x86_64.jar, C:\Users\vanit\.m2\repository\io\netty\netty-transport-native-kqueue\4.1.60.Final\netty-transport-native-kqueue-4.1.60.Final-osx-x86_64.jar, C:\Users\vanit\.m2\repository\com\typesafe\netty\netty-reactive-streams\2.0.4\netty-reactive-streams-2.0.4.jar, C:\Users\vanit\.m2\repository\com\sun\activation\jakarta.activation\1.2.2\jakarta.activation-1.2.2.jar, C:\Users\vanit\.m2\repository\org\seleniumhq\selenium\selenium-http\4.1.1\selenium-http-4.1.1.jar, C:\Users\vanit\.m2\repository\net\jodah\failsafe\2.4.4\failsafe-2.4.4.jar, C:\Users\vanit\.m2\repository\org\seleniumhq\selenium\selenium-safari-driver\4.1.1\selenium-safari-driver-4.1.1.jar, C:\Users\vanit\.m2\repository\org\seleniumhq\selenium\selenium-support\4.1.1\selenium-support-4.1.1.jar, C:\Users\vanit\.m2\repository\org\testng\testng\7.5\testng-7.5.jar, C:\Users\vanit\.m2\repository\com\google\code\findbugs\jsr305\3.0.1\jsr305-3.0.1.jar, C:\Users\vanit\.m2\repository\org\slf4j\slf4j-api\1.7.32\slf4j-api-1.7.32.jar, C:\Users\vanit\.m2\repository\com\beust\jcommander\1.78\jcommander-1.78.jar, C:\Users\vanit\.m2\repository\org\webjars\jquery\3.5.1\jquery-3.5.1.jar, C:\Users\vanit\.m2\repository\org\apache\poi\poi\5.2.0\poi-5.2.0.jar, C:\Users\vanit\.m2\repository\commons-codec\commons-codec\1.15\commons-codec-1.15.jar, C:\Users\vanit\.m2\repository\org\apache\commons\commons-collections4\4.4\commons-collections4-4.4.jar, C:\Users\vanit\.m2\repository\org\apache\commons\commons-math3\3.6.1\commons-math3-3.6.1.jar, C:\Users\vanit\.m2\repository\com\zaxxer\SparseBitSet\1.2\SparseBitSet-1.2.jar, C:\Users\vanit\.m2\repository\org\apache\poi\poi-ooxml\5.2.0\poi-ooxml-5.2.0.jar, C:\Users\vanit\.m2\repository\org\apache\poi\poi-ooxml-lite\5.2.0\poi-ooxml-lite-5.2.0.jar, C:\Users\vanit\.m2\repository\org\apache\xmlbeans\xmlbeans\5.0.3\xmlbeans-5.0.3.jar, C:\Users\vanit\.m2\repository\org\apache\commons\commons-compress\1.21\commons-compress-1.21.jar, C:\Users\vanit\.m2\repository\com\github\virtuald\curvesapi\1.06\curvesapi-1.06.jar, C:\Users\vanit\.m2\repository\com\aventstack\extentreports\5.0.9\extentreports-5.0.9.jar, C:\Users\vanit\.m2\repository\io\reactivex\rxjava3\rxjava\3.0.4\rxjava-3.0.4.jar, C:\Users\vanit\.m2\repository\org\reactivestreams\reactive-streams\1.0.3\reactive-streams-1.0.3.jar, C:\Users\vanit\.m2\repository\org\freemarker\freemarker\2.3.30\freemarker-2.3.30.jar, C:\Users\vanit\.m2\repository\org\projectlombok\lombok\1.18.12\lombok-1.18.12.jar, C:\Users\vanit\.m2\repository\com\google\code\gson\gson\2.8.6\gson-2.8.6.jar, C:\Users\vanit\.m2\repository\org\apache\commons\commons-lang3\3.12.0\commons-lang3-3.12.0.jar, C:\Users\vanit\.m2\repository\commons-io\commons-io\2.11.0\commons-io-2.11.0.jar, C:\Users\vanit\.m2\repository\log4j\log4j\1.2.16\log4j-1.2.16.jar, C:\Users\vanit\.m2\repository\org\apache\logging\log4j\log4j-core\2.17.1\log4j-core-2.17.1.jar, C:\Users\vanit\.m2\repository\org\apache\logging\log4j\log4j-api\2.17.1\log4j-api-2.17.1.jar]
[DEBUG]   (f) useIncrementalCompilation = true
[DEBUG]   (f) verbose = false
[DEBUG] -- end configuration --
[DEBUG] Using compiler 'javac'.
[DEBUG] Adding C:\Users\vanit\eclipse-workspace\inetBankingV1\target\generated-test-sources\test-annotations to test-compile source roots:
  C:\Users\vanit\eclipse-workspace\inetBankingV1\src\test\java
[DEBUG] New test-compile source roots:
  C:\Users\vanit\eclipse-workspace\inetBankingV1\src\test\java
  C:\Users\vanit\eclipse-workspace\inetBankingV1\target\generated-test-sources\test-annotations
[DEBUG] CompilerReuseStrategy: reuseCreated
[DEBUG] useIncrementalCompilation enabled
[DEBUG] Stale source detected: C:\Users\vanit\eclipse-workspace\inetBankingV1\src\test\java\com\inetbanking\pageObejcts\AddCustomerPage.java
[DEBUG] Stale source detected: C:\Users\vanit\eclipse-workspace\inetBankingV1\src\test\java\com\inetbanking\testCases\BaseClass.java
[DEBUG] Stale source detected: C:\Users\vanit\eclipse-workspace\inetBankingV1\src\test\java\com\inetbanking\pageObejcts\LoginPage.java
[DEBUG] Stale source detected: C:\Users\vanit\eclipse-workspace\inetBankingV1\src\test\java\com\inetbanking\testCases\TC_AddCustomerPage_003.java
[DEBUG] Stale source detected: C:\Users\vanit\eclipse-workspace\inetBankingV1\src\test\java\com\inetbanking\testCases\TC_LoginDDT_002.java
[DEBUG] Stale source detected: C:\Users\vanit\eclipse-workspace\inetBankingV1\src\test\java\com\inetbanking\testCases\TC_LoginTest_001.java
[DEBUG] Stale source detected: C:\Users\vanit\eclipse-workspace\inetBankingV1\src\test\java\com\inetbanking\utilities\XLUtils.java
[DEBUG] Stale source detected: C:\Users\vanit\eclipse-workspace\inetBankingV1\src\test\java\com\inetbanking\utilities\Reporting.java
[DEBUG] Stale source detected: C:\Users\vanit\eclipse-workspace\inetBankingV1\src\test\java\com\inetbanking\utilities\ReadConfig.java
[INFO] Changes detected - recompiling the module!
[DEBUG] Classpath:
[DEBUG]  C:\Users\vanit\eclipse-workspace\inetBankingV1\target\test-classes
[DEBUG]  C:\Users\vanit\eclipse-workspace\inetBankingV1\target\classes
[DEBUG]  C:\Users\vanit\.m2\repository\org\seleniumhq\selenium\selenium-java\4.1.1\selenium-java-4.1.1.jar
[DEBUG]  C:\Users\vanit\.m2\repository\org\seleniumhq\selenium\selenium-api\4.1.1\selenium-api-4.1.1.jar
[DEBUG]  C:\Users\vanit\.m2\repository\org\seleniumhq\selenium\selenium-chrome-driver\4.1.1\selenium-chrome-driver-4.1.1.jar
[DEBUG]  C:\Users\vanit\.m2\repository\com\google\auto\service\auto-service-annotations\1.0.1\auto-service-annotations-1.0.1.jar
[DEBUG]  C:\Users\vanit\.m2\repository\com\google\auto\service\auto-service\1.0.1\auto-service-1.0.1.jar
[DEBUG]  C:\Users\vanit\.m2\repository\com\google\auto\auto-common\1.2\auto-common-1.2.jar
[DEBUG]  C:\Users\vanit\.m2\repository\com\google\guava\guava\31.0.1-jre\guava-31.0.1-jre.jar
[DEBUG]  C:\Users\vanit\.m2\repository\com\google\guava\failureaccess\1.0.1\failureaccess-1.0.1.jar
[DEBUG]  C:\Users\vanit\.m2\repository\com\google\guava\listenablefuture\9999.0-empty-to-avoid-conflict-with-guava\listenablefuture-9999.0-empty-to-avoid-conflict-with-guava.jar
[DEBUG]  C:\Users\vanit\.m2\repository\org\checkerframework\checker-qual\3.12.0\checker-qual-3.12.0.jar
[DEBUG]  C:\Users\vanit\.m2\repository\com\google\errorprone\error_prone_annotations\2.7.1\error_prone_annotations-2.7.1.jar
[DEBUG]  C:\Users\vanit\.m2\repository\com\google\j2objc\j2objc-annotations\1.3\j2objc-annotations-1.3.jar
[DEBUG]  C:\Users\vanit\.m2\repository\org\seleniumhq\selenium\selenium-chromium-driver\4.1.1\selenium-chromium-driver-4.1.1.jar
[DEBUG]  C:\Users\vanit\.m2\repository\org\seleniumhq\selenium\selenium-json\4.1.1\selenium-json-4.1.1.jar
[DEBUG]  C:\Users\vanit\.m2\repository\org\seleniumhq\selenium\selenium-devtools-v85\4.1.1\selenium-devtools-v85-4.1.1.jar
[DEBUG]  C:\Users\vanit\.m2\repository\org\seleniumhq\selenium\selenium-devtools-v94\4.1.1\selenium-devtools-v94-4.1.1.jar
[DEBUG]  C:\Users\vanit\.m2\repository\org\seleniumhq\selenium\selenium-devtools-v95\4.1.1\selenium-devtools-v95-4.1.1.jar
[DEBUG]  C:\Users\vanit\.m2\repository\org\seleniumhq\selenium\selenium-devtools-v96\4.1.1\selenium-devtools-v96-4.1.1.jar
[DEBUG]  C:\Users\vanit\.m2\repository\org\seleniumhq\selenium\selenium-edge-driver\4.1.1\selenium-edge-driver-4.1.1.jar
[DEBUG]  C:\Users\vanit\.m2\repository\org\seleniumhq\selenium\selenium-firefox-driver\4.1.1\selenium-firefox-driver-4.1.1.jar
[DEBUG]  C:\Users\vanit\.m2\repository\org\seleniumhq\selenium\selenium-firefox-xpi-driver\4.1.1\selenium-firefox-xpi-driver-4.1.1.jar
[DEBUG]  C:\Users\vanit\.m2\repository\org\seleniumhq\selenium\selenium-ie-driver\4.1.1\selenium-ie-driver-4.1.1.jar
[DEBUG]  C:\Users\vanit\.m2\repository\org\seleniumhq\selenium\selenium-opera-driver\4.1.1\selenium-opera-driver-4.1.1.jar
[DEBUG]  C:\Users\vanit\.m2\repository\org\seleniumhq\selenium\selenium-remote-driver\4.1.1\selenium-remote-driver-4.1.1.jar
[DEBUG]  C:\Users\vanit\.m2\repository\io\netty\netty-buffer\4.1.70.Final\netty-buffer-4.1.70.Final.jar
[DEBUG]  C:\Users\vanit\.m2\repository\io\netty\netty-codec-http\4.1.70.Final\netty-codec-http-4.1.70.Final.jar
[DEBUG]  C:\Users\vanit\.m2\repository\io\netty\netty-codec\4.1.70.Final\netty-codec-4.1.70.Final.jar
[DEBUG]  C:\Users\vanit\.m2\repository\io\netty\netty-handler\4.1.70.Final\netty-handler-4.1.70.Final.jar
[DEBUG]  C:\Users\vanit\.m2\repository\io\netty\netty-common\4.1.70.Final\netty-common-4.1.70.Final.jar
[DEBUG]  C:\Users\vanit\.m2\repository\io\netty\netty-transport-classes-epoll\4.1.70.Final\netty-transport-classes-epoll-4.1.70.Final.jar
[DEBUG]  C:\Users\vanit\.m2\repository\io\netty\netty-transport-classes-kqueue\4.1.70.Final\netty-transport-classes-kqueue-4.1.70.Final.jar
[DEBUG]  C:\Users\vanit\.m2\repository\io\netty\netty-transport-native-unix-common\4.1.70.Final\netty-transport-native-unix-common-4.1.70.Final.jar
[DEBUG]  C:\Users\vanit\.m2\repository\io\netty\netty-transport\4.1.70.Final\netty-transport-4.1.70.Final.jar
[DEBUG]  C:\Users\vanit\.m2\repository\io\netty\netty-resolver\4.1.70.Final\netty-resolver-4.1.70.Final.jar
[DEBUG]  C:\Users\vanit\.m2\repository\io\opentelemetry\opentelemetry-api\1.9.1\opentelemetry-api-1.9.1.jar
[DEBUG]  C:\Users\vanit\.m2\repository\io\opentelemetry\opentelemetry-context\1.9.1\opentelemetry-context-1.9.1.jar
[DEBUG]  C:\Users\vanit\.m2\repository\io\opentelemetry\opentelemetry-exporter-logging\1.9.1\opentelemetry-exporter-logging-1.9.1.jar
[DEBUG]  C:\Users\vanit\.m2\repository\io\opentelemetry\opentelemetry-sdk-metrics\1.9.1-alpha\opentelemetry-sdk-metrics-1.9.1-alpha.jar
[DEBUG]  C:\Users\vanit\.m2\repository\io\opentelemetry\opentelemetry-sdk-logs\1.9.1-alpha\opentelemetry-sdk-logs-1.9.1-alpha.jar
[DEBUG]  C:\Users\vanit\.m2\repository\com\fasterxml\jackson\core\jackson-databind\2.13.0\jackson-databind-2.13.0.jar
[DEBUG]  C:\Users\vanit\.m2\repository\com\fasterxml\jackson\core\jackson-annotations\2.13.0\jackson-annotations-2.13.0.jar
[DEBUG]  C:\Users\vanit\.m2\repository\com\fasterxml\jackson\core\jackson-core\2.13.0\jackson-core-2.13.0.jar
[DEBUG]  C:\Users\vanit\.m2\repository\io\opentelemetry\opentelemetry-sdk-common\1.9.1\opentelemetry-sdk-common-1.9.1.jar
[DEBUG]  C:\Users\vanit\.m2\repository\io\opentelemetry\opentelemetry-sdk-extension-autoconfigure-spi\1.9.1\opentelemetry-sdk-extension-autoconfigure-spi-1.9.1.jar
[DEBUG]  C:\Users\vanit\.m2\repository\io\opentelemetry\opentelemetry-sdk-extension-autoconfigure\1.9.1-alpha\opentelemetry-sdk-extension-autoconfigure-1.9.1-alpha.jar
[DEBUG]  C:\Users\vanit\.m2\repository\io\opentelemetry\opentelemetry-sdk-trace\1.9.1\opentelemetry-sdk-trace-1.9.1.jar
[DEBUG]  C:\Users\vanit\.m2\repository\io\opentelemetry\opentelemetry-api-metrics\1.9.1-alpha\opentelemetry-api-metrics-1.9.1-alpha.jar
[DEBUG]  C:\Users\vanit\.m2\repository\io\opentelemetry\opentelemetry-sdk\1.9.1\opentelemetry-sdk-1.9.1.jar
[DEBUG]  C:\Users\vanit\.m2\repository\io\opentelemetry\opentelemetry-semconv\1.9.1-alpha\opentelemetry-semconv-1.9.1-alpha.jar
[DEBUG]  C:\Users\vanit\.m2\repository\io\ous\jtoml\2.0.0\jtoml-2.0.0.jar
[DEBUG]  C:\Users\vanit\.m2\repository\net\bytebuddy\byte-buddy\1.12.2\byte-buddy-1.12.2.jar
[DEBUG]  C:\Users\vanit\.m2\repository\org\apache\commons\commons-exec\1.3\commons-exec-1.3.jar
[DEBUG]  C:\Users\vanit\.m2\repository\org\asynchttpclient\async-http-client\2.12.3\async-http-client-2.12.3.jar
[DEBUG]  C:\Users\vanit\.m2\repository\org\asynchttpclient\async-http-client-netty-utils\2.12.3\async-http-client-netty-utils-2.12.3.jar
[DEBUG]  C:\Users\vanit\.m2\repository\io\netty\netty-codec-socks\4.1.60.Final\netty-codec-socks-4.1.60.Final.jar
[DEBUG]  C:\Users\vanit\.m2\repository\io\netty\netty-handler-proxy\4.1.60.Final\netty-handler-proxy-4.1.60.Final.jar
[DEBUG]  C:\Users\vanit\.m2\repository\io\netty\netty-transport-native-epoll\4.1.60.Final\netty-transport-native-epoll-4.1.60.Final-linux-x86_64.jar
[DEBUG]  C:\Users\vanit\.m2\repository\io\netty\netty-transport-native-kqueue\4.1.60.Final\netty-transport-native-kqueue-4.1.60.Final-osx-x86_64.jar
[DEBUG]  C:\Users\vanit\.m2\repository\com\typesafe\netty\netty-reactive-streams\2.0.4\netty-reactive-streams-2.0.4.jar
[DEBUG]  C:\Users\vanit\.m2\repository\com\sun\activation\jakarta.activation\1.2.2\jakarta.activation-1.2.2.jar
[DEBUG]  C:\Users\vanit\.m2\repository\org\seleniumhq\selenium\selenium-http\4.1.1\selenium-http-4.1.1.jar
[DEBUG]  C:\Users\vanit\.m2\repository\net\jodah\failsafe\2.4.4\failsafe-2.4.4.jar
[DEBUG]  C:\Users\vanit\.m2\repository\org\seleniumhq\selenium\selenium-safari-driver\4.1.1\selenium-safari-driver-4.1.1.jar
[DEBUG]  C:\Users\vanit\.m2\repository\org\seleniumhq\selenium\selenium-support\4.1.1\selenium-support-4.1.1.jar
[DEBUG]  C:\Users\vanit\.m2\repository\org\testng\testng\7.5\testng-7.5.jar
[DEBUG]  C:\Users\vanit\.m2\repository\com\google\code\findbugs\jsr305\3.0.1\jsr305-3.0.1.jar
[DEBUG]  C:\Users\vanit\.m2\repository\org\slf4j\slf4j-api\1.7.32\slf4j-api-1.7.32.jar
[DEBUG]  C:\Users\vanit\.m2\repository\com\beust\jcommander\1.78\jcommander-1.78.jar
[DEBUG]  C:\Users\vanit\.m2\repository\org\webjars\jquery\3.5.1\jquery-3.5.1.jar
[DEBUG]  C:\Users\vanit\.m2\repository\org\apache\poi\poi\5.2.0\poi-5.2.0.jar
[DEBUG]  C:\Users\vanit\.m2\repository\commons-codec\commons-codec\1.15\commons-codec-1.15.jar
[DEBUG]  C:\Users\vanit\.m2\repository\org\apache\commons\commons-collections4\4.4\commons-collections4-4.4.jar
[DEBUG]  C:\Users\vanit\.m2\repository\org\apache\commons\commons-math3\3.6.1\commons-math3-3.6.1.jar
[DEBUG]  C:\Users\vanit\.m2\repository\com\zaxxer\SparseBitSet\1.2\SparseBitSet-1.2.jar
[DEBUG]  C:\Users\vanit\.m2\repository\org\apache\poi\poi-ooxml\5.2.0\poi-ooxml-5.2.0.jar
[DEBUG]  C:\Users\vanit\.m2\repository\org\apache\poi\poi-ooxml-lite\5.2.0\poi-ooxml-lite-5.2.0.jar
[DEBUG]  C:\Users\vanit\.m2\repository\org\apache\xmlbeans\xmlbeans\5.0.3\xmlbeans-5.0.3.jar
[DEBUG]  C:\Users\vanit\.m2\repository\org\apache\commons\commons-compress\1.21\commons-compress-1.21.jar
[DEBUG]  C:\Users\vanit\.m2\repository\com\github\virtuald\curvesapi\1.06\curvesapi-1.06.jar
[DEBUG]  C:\Users\vanit\.m2\repository\com\aventstack\extentreports\5.0.9\extentreports-5.0.9.jar
[DEBUG]  C:\Users\vanit\.m2\repository\io\reactivex\rxjava3\rxjava\3.0.4\rxjava-3.0.4.jar
[DEBUG]  C:\Users\vanit\.m2\repository\org\reactivestreams\reactive-streams\1.0.3\reactive-streams-1.0.3.jar
[DEBUG]  C:\Users\vanit\.m2\repository\org\freemarker\freemarker\2.3.30\freemarker-2.3.30.jar
[DEBUG]  C:\Users\vanit\.m2\repository\org\projectlombok\lombok\1.18.12\lombok-1.18.12.jar
[DEBUG]  C:\Users\vanit\.m2\repository\com\google\code\gson\gson\2.8.6\gson-2.8.6.jar
[DEBUG]  C:\Users\vanit\.m2\repository\org\apache\commons\commons-lang3\3.12.0\commons-lang3-3.12.0.jar
[DEBUG]  C:\Users\vanit\.m2\repository\commons-io\commons-io\2.11.0\commons-io-2.11.0.jar
[DEBUG]  C:\Users\vanit\.m2\repository\log4j\log4j\1.2.16\log4j-1.2.16.jar
[DEBUG]  C:\Users\vanit\.m2\repository\org\apache\logging\log4j\log4j-core\2.17.1\log4j-core-2.17.1.jar
[DEBUG]  C:\Users\vanit\.m2\repository\org\apache\logging\log4j\log4j-api\2.17.1\log4j-api-2.17.1.jar
[DEBUG] Source roots:
[DEBUG]  C:\Users\vanit\eclipse-workspace\inetBankingV1\src\test\java
[DEBUG]  C:\Users\vanit\eclipse-workspace\inetBankingV1\target\generated-test-sources\test-annotations
[DEBUG] Command line options:
[DEBUG] -d C:\Users\vanit\eclipse-workspace\inetBankingV1\target\test-classes -classpath C:\Users\vanit\eclipse-workspace\inetBankingV1\target\test-classes;C:\Users\vanit\eclipse-workspace\inetBankingV1\target\classes;C:\Users\vanit\.m2\repository\org\seleniumhq\selenium\selenium-java\4.1.1\selenium-java-4.1.1.jar;C:\Users\vanit\.m2\repository\org\seleniumhq\selenium\selenium-api\4.1.1\selenium-api-4.1.1.jar;C:\Users\vanit\.m2\repository\org\seleniumhq\selenium\selenium-chrome-driver\4.1.1\selenium-chrome-driver-4.1.1.jar;C:\Users\vanit\.m2\repository\com\google\auto\service\auto-service-annotations\1.0.1\auto-service-annotations-1.0.1.jar;C:\Users\vanit\.m2\repository\com\google\auto\service\auto-service\1.0.1\auto-service-1.0.1.jar;C:\Users\vanit\.m2\repository\com\google\auto\auto-common\1.2\auto-common-1.2.jar;C:\Users\vanit\.m2\repository\com\google\guava\guava\31.0.1-jre\guava-31.0.1-jre.jar;C:\Users\vanit\.m2\repository\com\google\guava\failureaccess\1.0.1\failureaccess-1.0.1.jar;C:\Users\vanit\.m2\repository\com\google\guava\listenablefuture\9999.0-empty-to-avoid-conflict-with-guava\listenablefuture-9999.0-empty-to-avoid-conflict-with-guava.jar;C:\Users\vanit\.m2\repository\org\checkerframework\checker-qual\3.12.0\checker-qual-3.12.0.jar;C:\Users\vanit\.m2\repository\com\google\errorprone\error_prone_annotations\2.7.1\error_prone_annotations-2.7.1.jar;C:\Users\vanit\.m2\repository\com\google\j2objc\j2objc-annotations\1.3\j2objc-annotations-1.3.jar;C:\Users\vanit\.m2\repository\org\seleniumhq\selenium\selenium-chromium-driver\4.1.1\selenium-chromium-driver-4.1.1.jar;C:\Users\vanit\.m2\repository\org\seleniumhq\selenium\selenium-json\4.1.1\selenium-json-4.1.1.jar;C:\Users\vanit\.m2\repository\org\seleniumhq\selenium\selenium-devtools-v85\4.1.1\selenium-devtools-v85-4.1.1.jar;C:\Users\vanit\.m2\repository\org\seleniumhq\selenium\selenium-devtools-v94\4.1.1\selenium-devtools-v94-4.1.1.jar;C:\Users\vanit\.m2\repository\org\seleniumhq\selenium\selenium-devtools-v95\4.1.1\selenium-devtools-v95-4.1.1.jar;C:\Users\vanit\.m2\repository\org\seleniumhq\selenium\selenium-devtools-v96\4.1.1\selenium-devtools-v96-4.1.1.jar;C:\Users\vanit\.m2\repository\org\seleniumhq\selenium\selenium-edge-driver\4.1.1\selenium-edge-driver-4.1.1.jar;C:\Users\vanit\.m2\repository\org\seleniumhq\selenium\selenium-firefox-driver\4.1.1\selenium-firefox-driver-4.1.1.jar;C:\Users\vanit\.m2\repository\org\seleniumhq\selenium\selenium-firefox-xpi-driver\4.1.1\selenium-firefox-xpi-driver-4.1.1.jar;C:\Users\vanit\.m2\repository\org\seleniumhq\selenium\selenium-ie-driver\4.1.1\selenium-ie-driver-4.1.1.jar;C:\Users\vanit\.m2\repository\org\seleniumhq\selenium\selenium-opera-driver\4.1.1\selenium-opera-driver-4.1.1.jar;C:\Users\vanit\.m2\repository\org\seleniumhq\selenium\selenium-remote-driver\4.1.1\selenium-remote-driver-4.1.1.jar;C:\Users\vanit\.m2\repository\io\netty\netty-buffer\4.1.70.Final\netty-buffer-4.1.70.Final.jar;C:\Users\vanit\.m2\repository\io\netty\netty-codec-http\4.1.70.Final\netty-codec-http-4.1.70.Final.jar;C:\Users\vanit\.m2\repository\io\netty\netty-codec\4.1.70.Final\netty-codec-4.1.70.Final.jar;C:\Users\vanit\.m2\repository\io\netty\netty-handler\4.1.70.Final\netty-handler-4.1.70.Final.jar;C:\Users\vanit\.m2\repository\io\netty\netty-common\4.1.70.Final\netty-common-4.1.70.Final.jar;C:\Users\vanit\.m2\repository\io\netty\netty-transport-classes-epoll\4.1.70.Final\netty-transport-classes-epoll-4.1.70.Final.jar;C:\Users\vanit\.m2\repository\io\netty\netty-transport-classes-kqueue\4.1.70.Final\netty-transport-classes-kqueue-4.1.70.Final.jar;C:\Users\vanit\.m2\repository\io\netty\netty-transport-native-unix-common\4.1.70.Final\netty-transport-native-unix-common-4.1.70.Final.jar;C:\Users\vanit\.m2\repository\io\netty\netty-transport\4.1.70.Final\netty-transport-4.1.70.Final.jar;C:\Users\vanit\.m2\repository\io\netty\netty-resolver\4.1.70.Final\netty-resolver-4.1.70.Final.jar;C:\Users\vanit\.m2\repository\io\opentelemetry\opentelemetry-api\1.9.1\opentelemetry-api-1.9.1.jar;C:\Users\vanit\.m2\repository\io\opentelemetry\opentelemetry-context\1.9.1\opentelemetry-context-1.9.1.jar;C:\Users\vanit\.m2\repository\io\opentelemetry\opentelemetry-exporter-logging\1.9.1\opentelemetry-exporter-logging-1.9.1.jar;C:\Users\vanit\.m2\repository\io\opentelemetry\opentelemetry-sdk-metrics\1.9.1-alpha\opentelemetry-sdk-metrics-1.9.1-alpha.jar;C:\Users\vanit\.m2\repository\io\opentelemetry\opentelemetry-sdk-logs\1.9.1-alpha\opentelemetry-sdk-logs-1.9.1-alpha.jar;C:\Users\vanit\.m2\repository\com\fasterxml\jackson\core\jackson-databind\2.13.0\jackson-databind-2.13.0.jar;C:\Users\vanit\.m2\repository\com\fasterxml\jackson\core\jackson-annotations\2.13.0\jackson-annotations-2.13.0.jar;C:\Users\vanit\.m2\repository\com\fasterxml\jackson\core\jackson-core\2.13.0\jackson-core-2.13.0.jar;C:\Users\vanit\.m2\repository\io\opentelemetry\opentelemetry-sdk-common\1.9.1\opentelemetry-sdk-common-1.9.1.jar;C:\Users\vanit\.m2\repository\io\opentelemetry\opentelemetry-sdk-extension-autoconfigure-spi\1.9.1\opentelemetry-sdk-extension-autoconfigure-spi-1.9.1.jar;C:\Users\vanit\.m2\repository\io\opentelemetry\opentelemetry-sdk-extension-autoconfigure\1.9.1-alpha\opentelemetry-sdk-extension-autoconfigure-1.9.1-alpha.jar;C:\Users\vanit\.m2\repository\io\opentelemetry\opentelemetry-sdk-trace\1.9.1\opentelemetry-sdk-trace-1.9.1.jar;C:\Users\vanit\.m2\repository\io\opentelemetry\opentelemetry-api-metrics\1.9.1-alpha\opentelemetry-api-metrics-1.9.1-alpha.jar;C:\Users\vanit\.m2\repository\io\opentelemetry\opentelemetry-sdk\1.9.1\opentelemetry-sdk-1.9.1.jar;C:\Users\vanit\.m2\repository\io\opentelemetry\opentelemetry-semconv\1.9.1-alpha\opentelemetry-semconv-1.9.1-alpha.jar;C:\Users\vanit\.m2\repository\io\ous\jtoml\2.0.0\jtoml-2.0.0.jar;C:\Users\vanit\.m2\repository\net\bytebuddy\byte-buddy\1.12.2\byte-buddy-1.12.2.jar;C:\Users\vanit\.m2\repository\org\apache\commons\commons-exec\1.3\commons-exec-1.3.jar;C:\Users\vanit\.m2\repository\org\asynchttpclient\async-http-client\2.12.3\async-http-client-2.12.3.jar;C:\Users\vanit\.m2\repository\org\asynchttpclient\async-http-client-netty-utils\2.12.3\async-http-client-netty-utils-2.12.3.jar;C:\Users\vanit\.m2\repository\io\netty\netty-codec-socks\4.1.60.Final\netty-codec-socks-4.1.60.Final.jar;C:\Users\vanit\.m2\repository\io\netty\netty-handler-proxy\4.1.60.Final\netty-handler-proxy-4.1.60.Final.jar;C:\Users\vanit\.m2\repository\io\netty\netty-transport-native-epoll\4.1.60.Final\netty-transport-native-epoll-4.1.60.Final-linux-x86_64.jar;C:\Users\vanit\.m2\repository\io\netty\netty-transport-native-kqueue\4.1.60.Final\netty-transport-native-kqueue-4.1.60.Final-osx-x86_64.jar;C:\Users\vanit\.m2\repository\com\typesafe\netty\netty-reactive-streams\2.0.4\netty-reactive-streams-2.0.4.jar;C:\Users\vanit\.m2\repository\com\sun\activation\jakarta.activation\1.2.2\jakarta.activation-1.2.2.jar;C:\Users\vanit\.m2\repository\org\seleniumhq\selenium\selenium-http\4.1.1\selenium-http-4.1.1.jar;C:\Users\vanit\.m2\repository\net\jodah\failsafe\2.4.4\failsafe-2.4.4.jar;C:\Users\vanit\.m2\repository\org\seleniumhq\selenium\selenium-safari-driver\4.1.1\selenium-safari-driver-4.1.1.jar;C:\Users\vanit\.m2\repository\org\seleniumhq\selenium\selenium-support\4.1.1\selenium-support-4.1.1.jar;C:\Users\vanit\.m2\repository\org\testng\testng\7.5\testng-7.5.jar;C:\Users\vanit\.m2\repository\com\google\code\findbugs\jsr305\3.0.1\jsr305-3.0.1.jar;C:\Users\vanit\.m2\repository\org\slf4j\slf4j-api\1.7.32\slf4j-api-1.7.32.jar;C:\Users\vanit\.m2\repository\com\beust\jcommander\1.78\jcommander-1.78.jar;C:\Users\vanit\.m2\repository\org\webjars\jquery\3.5.1\jquery-3.5.1.jar;C:\Users\vanit\.m2\repository\org\apache\poi\poi\5.2.0\poi-5.2.0.jar;C:\Users\vanit\.m2\repository\commons-codec\commons-codec\1.15\commons-codec-1.15.jar;C:\Users\vanit\.m2\repository\org\apache\commons\commons-collections4\4.4\commons-collections4-4.4.jar;C:\Users\vanit\.m2\repository\org\apache\commons\commons-math3\3.6.1\commons-math3-3.6.1.jar;C:\Users\vanit\.m2\repository\com\zaxxer\SparseBitSet\1.2\SparseBitSet-1.2.jar;C:\Users\vanit\.m2\repository\org\apache\poi\poi-ooxml\5.2.0\poi-ooxml-5.2.0.jar;C:\Users\vanit\.m2\repository\org\apache\poi\poi-ooxml-lite\5.2.0\poi-ooxml-lite-5.2.0.jar;C:\Users\vanit\.m2\repository\org\apache\xmlbeans\xmlbeans\5.0.3\xmlbeans-5.0.3.jar;C:\Users\vanit\.m2\repository\org\apache\commons\commons-compress\1.21\commons-compress-1.21.jar;C:\Users\vanit\.m2\repository\com\github\virtuald\curvesapi\1.06\curvesapi-1.06.jar;C:\Users\vanit\.m2\repository\com\aventstack\extentreports\5.0.9\extentreports-5.0.9.jar;C:\Users\vanit\.m2\repository\io\reactivex\rxjava3\rxjava\3.0.4\rxjava-3.0.4.jar;C:\Users\vanit\.m2\repository\org\reactivestreams\reactive-streams\1.0.3\reactive-streams-1.0.3.jar;C:\Users\vanit\.m2\repository\org\freemarker\freemarker\2.3.30\freemarker-2.3.30.jar;C:\Users\vanit\.m2\repository\org\projectlombok\lombok\1.18.12\lombok-1.18.12.jar;C:\Users\vanit\.m2\repository\com\google\code\gson\gson\2.8.6\gson-2.8.6.jar;C:\Users\vanit\.m2\repository\org\apache\commons\commons-lang3\3.12.0\commons-lang3-3.12.0.jar;C:\Users\vanit\.m2\repository\commons-io\commons-io\2.11.0\commons-io-2.11.0.jar;C:\Users\vanit\.m2\repository\log4j\log4j\1.2.16\log4j-1.2.16.jar;C:\Users\vanit\.m2\repository\org\apache\logging\log4j\log4j-core\2.17.1\log4j-core-2.17.1.jar;C:\Users\vanit\.m2\repository\org\apache\logging\log4j\log4j-api\2.17.1\log4j-api-2.17.1.jar; -sourcepath C:\Users\vanit\eclipse-workspace\inetBankingV1\src\test\java;C:\Users\vanit\eclipse-workspace\inetBankingV1\target\generated-test-sources\test-annotations; -s C:\Users\vanit\eclipse-workspace\inetBankingV1\target\generated-test-sources\test-annotations -g -nowarn -target 1.7 -source 1.7 -encoding UTF-8
[DEBUG] incrementalBuildHelper#beforeRebuildExecution
[INFO] Compiling 9 source files to C:\Users\vanit\eclipse-workspace\inetBankingV1\target\test-classes
[INFO] ------------------------------------------------------------------------
[INFO] BUILD FAILURE
[INFO] ------------------------------------------------------------------------
[INFO] Total time:  5.306 s
[INFO] Finished at: 2022-02-02T21:36:19+05:30
[INFO] ------------------------------------------------------------------------
[ERROR] Failed to execute goal org.apache.maven.plugins:maven-compiler-plugin:3.9.0:testCompile (default-testCompile) on project inetBankingV1: Fatal error compiling: java.lang.IllegalAccessError: class lombok.javac.apt.LombokProcessor (in unnamed module @0x72543547) cannot access class com.sun.tools.javac.processing.JavacProcessingEnvironment (in module jdk.compiler) because module jdk.compiler does not export com.sun.tools.javac.processing to unnamed module @0x72543547 -> [Help 1]
org.apache.maven.lifecycle.LifecycleExecutionException: Failed to execute goal org.apache.maven.plugins:maven-compiler-plugin:3.9.0:testCompile (default-testCompile) on project inetBankingV1: Fatal error compiling
    at org.apache.maven.lifecycle.internal.MojoExecutor.execute (MojoExecutor.java:215)
    at org.apache.maven.lifecycle.internal.MojoExecutor.execute (MojoExecutor.java:156)
    at org.apache.maven.lifecycle.internal.MojoExecutor.execute (MojoExecutor.java:148)
    at org.apache.maven.lifecycle.internal.LifecycleModuleBuilder.buildProject (LifecycleModuleBuilder.java:117)
    at org.apache.maven.lifecycle.internal.LifecycleModuleBuilder.buildProject (LifecycleModuleBuilder.java:81)
    at org.apache.maven.lifecycle.internal.builder.singlethreaded.SingleThreadedBuilder.build (SingleThreadedBuilder.java:56)
    at org.apache.maven.lifecycle.internal.LifecycleStarter.execute (LifecycleStarter.java:128)
    at org.apache.maven.DefaultMaven.doExecute (DefaultMaven.java:305)
    at org.apache.maven.DefaultMaven.doExecute (DefaultMaven.java:192)
    at org.apache.maven.DefaultMaven.execute (DefaultMaven.java:105)
    at org.apache.maven.cli.MavenCli.execute (MavenCli.java:972)
    at org.apache.maven.cli.MavenCli.doMain (MavenCli.java:293)
    at org.apache.maven.cli.MavenCli.main (MavenCli.java:196)
    at jdk.internal.reflect.NativeMethodAccessorImpl.invoke0 (Native Method)
    at jdk.internal.reflect.NativeMethodAccessorImpl.invoke (NativeMethodAccessorImpl.java:78)
    at jdk.internal.reflect.DelegatingMethodAccessorImpl.invoke (DelegatingMethodAccessorImpl.java:43)
    at java.lang.reflect.Method.invoke (Method.java:567)
    at org.codehaus.plexus.classworlds.launcher.Launcher.launchEnhanced (Launcher.java:282)
    at org.codehaus.plexus.classworlds.launcher.Launcher.launch (Launcher.java:225)
    at org.codehaus.plexus.classworlds.launcher.Launcher.mainWithExitCode (Launcher.java:406)
    at org.codehaus.plexus.classworlds.launcher.Launcher.main (Launcher.java:347)
Caused by: org.apache.maven.plugin.MojoExecutionException: Fatal error compiling
    at org.apache.maven.plugin.compiler.AbstractCompilerMojo.execute (AbstractCompilerMojo.java:1182)
    at org.apache.maven.plugin.compiler.TestCompilerMojo.execute (TestCompilerMojo.java:175)
    at org.apache.maven.plugin.DefaultBuildPluginManager.executeMojo (DefaultBuildPluginManager.java:137)
    at org.apache.maven.lifecycle.internal.MojoExecutor.execute (MojoExecutor.java:210)
    at org.apache.maven.lifecycle.internal.MojoExecutor.execute (MojoExecutor.java:156)
    at org.apache.maven.lifecycle.internal.MojoExecutor.execute (MojoExecutor.java:148)
    at org.apache.maven.lifecycle.internal.LifecycleModuleBuilder.buildProject (LifecycleModuleBuilder.java:117)
    at org.apache.maven.lifecycle.internal.LifecycleModuleBuilder.buildProject (LifecycleModuleBuilder.java:81)
    at org.apache.maven.lifecycle.internal.builder.singlethreaded.SingleThreadedBuilder.build (SingleThreadedBuilder.java:56)
    at org.apache.maven.lifecycle.internal.LifecycleStarter.execute (LifecycleStarter.java:128)
    at org.apache.maven.DefaultMaven.doExecute (DefaultMaven.java:305)
    at org.apache.maven.DefaultMaven.doExecute (DefaultMaven.java:192)
    at org.apache.maven.DefaultMaven.execute (DefaultMaven.java:105)
    at org.apache.maven.cli.MavenCli.execute (MavenCli.java:972)
    at org.apache.maven.cli.MavenCli.doMain (MavenCli.java:293)
    at org.apache.maven.cli.MavenCli.main (MavenCli.java:196)
    at jdk.internal.reflect.NativeMethodAccessorImpl.invoke0 (Native Method)
    at jdk.internal.reflect.NativeMethodAccessorImpl.invoke (NativeMethodAccessorImpl.java:78)
    at jdk.internal.reflect.DelegatingMethodAccessorImpl.invoke (DelegatingMethodAccessorImpl.java:43)
    at java.lang.reflect.Method.invoke (Method.java:567)
    at org.codehaus.plexus.classworlds.launcher.Launcher.launchEnhanced (Launcher.java:282)
    at org.codehaus.plexus.classworlds.launcher.Launcher.launch (Launcher.java:225)
    at org.codehaus.plexus.classworlds.launcher.Launcher.mainWithExitCode (Launcher.java:406)
    at org.codehaus.plexus.classworlds.launcher.Launcher.main (Launcher.java:347)
Caused by: org.codehaus.plexus.compiler.CompilerException: java.lang.IllegalAccessError: class lombok.javac.apt.LombokProcessor (in unnamed module @0x72543547) cannot access class com.sun.tools.javac.processing.JavacProcessingEnvironment (in module jdk.compiler) because module jdk.compiler does not export com.sun.tools.javac.processing to unnamed module @0x72543547
    at org.codehaus.plexus.compiler.javac.JavaxToolsCompiler.compileInProcess (JavaxToolsCompiler.java:183)
    at org.codehaus.plexus.compiler.javac.JavacCompiler.performCompile (JavacCompiler.java:178)
    at org.apache.maven.plugin.compiler.AbstractCompilerMojo.execute (AbstractCompilerMojo.java:1171)
    at org.apache.maven.plugin.compiler.TestCompilerMojo.execute (TestCompilerMojo.java:175)
    at org.apache.maven.plugin.DefaultBuildPluginManager.executeMojo (DefaultBuildPluginManager.java:137)
    at org.apache.maven.lifecycle.internal.MojoExecutor.execute (MojoExecutor.java:210)
    at org.apache.maven.lifecycle.internal.MojoExecutor.execute (MojoExecutor.java:156)
    at org.apache.maven.lifecycle.internal.MojoExecutor.execute (MojoExecutor.java:148)
    at org.apache.maven.lifecycle.internal.LifecycleModuleBuilder.buildProject (LifecycleModuleBuilder.java:117)
    at org.apache.maven.lifecycle.internal.LifecycleModuleBuilder.buildProject (LifecycleModuleBuilder.java:81)
    at org.apache.maven.lifecycle.internal.builder.singlethreaded.SingleThreadedBuilder.build (SingleThreadedBuilder.java:56)
    at org.apache.maven.lifecycle.internal.LifecycleStarter.execute (LifecycleStarter.java:128)
    at org.apache.maven.DefaultMaven.doExecute (DefaultMaven.java:305)
    at org.apache.maven.DefaultMaven.doExecute (DefaultMaven.java:192)
    at org.apache.maven.DefaultMaven.execute (DefaultMaven.java:105)
    at org.apache.maven.cli.MavenCli.execute (MavenCli.java:972)
    at org.apache.maven.cli.MavenCli.doMain (MavenCli.java:293)
    at org.apache.maven.cli.MavenCli.main (MavenCli.java:196)
    at jdk.internal.reflect.NativeMethodAccessorImpl.invoke0 (Native Method)
    at jdk.internal.reflect.NativeMethodAccessorImpl.invoke (NativeMethodAccessorImpl.java:78)
    at jdk.internal.reflect.DelegatingMethodAccessorImpl.invoke (DelegatingMethodAccessorImpl.java:43)
    at java.lang.reflect.Method.invoke (Method.java:567)
    at org.codehaus.plexus.classworlds.launcher.Launcher.launchEnhanced (Launcher.java:282)
    at org.codehaus.plexus.classworlds.launcher.Launcher.launch (Launcher.java:225)
    at org.codehaus.plexus.classworlds.launcher.Launcher.mainWithExitCode (Launcher.java:406)
    at org.codehaus.plexus.classworlds.launcher.Launcher.main (Launcher.java:347)
Caused by: java.lang.RuntimeException: java.lang.IllegalAccessError: class lombok.javac.apt.LombokProcessor (in unnamed module @0x72543547) cannot access class com.sun.tools.javac.processing.JavacProcessingEnvironment (in module jdk.compiler) because module jdk.compiler does not export com.sun.tools.javac.processing to unnamed module @0x72543547
    at com.sun.tools.javac.api.JavacTaskImpl.invocationHelper (JavacTaskImpl.java:168)
    at com.sun.tools.javac.api.JavacTaskImpl.doCall (JavacTaskImpl.java:100)
    at com.sun.tools.javac.api.JavacTaskImpl.call (JavacTaskImpl.java:94)
    at org.codehaus.plexus.compiler.javac.JavaxToolsCompiler.compileInProcess (JavaxToolsCompiler.java:135)
    at org.codehaus.plexus.compiler.javac.JavacCompiler.performCompile (JavacCompiler.java:178)
    at org.apache.maven.plugin.compiler.AbstractCompilerMojo.execute (AbstractCompilerMojo.java:1171)
    at org.apache.maven.plugin.compiler.TestCompilerMojo.execute (TestCompilerMojo.java:175)
    at org.apache.maven.plugin.DefaultBuildPluginManager.executeMojo (DefaultBuildPluginManager.java:137)
    at org.apache.maven.lifecycle.internal.MojoExecutor.execute (MojoExecutor.java:210)
    at org.apache.maven.lifecycle.internal.MojoExecutor.execute (MojoExecutor.java:156)
    at org.apache.maven.lifecycle.internal.MojoExecutor.execute (MojoExecutor.java:148)
    at org.apache.maven.lifecycle.internal.LifecycleModuleBuilder.buildProject (LifecycleModuleBuilder.java:117)
    at org.apache.maven.lifecycle.internal.LifecycleModuleBuilder.buildProject (LifecycleModuleBuilder.java:81)
    at org.apache.maven.lifecycle.internal.builder.singlethreaded.SingleThreadedBuilder.build (SingleThreadedBuilder.java:56)
    at org.apache.maven.lifecycle.internal.LifecycleStarter.execute (LifecycleStarter.java:128)
    at org.apache.maven.DefaultMaven.doExecute (DefaultMaven.java:305)
    at org.apache.maven.DefaultMaven.doExecute (DefaultMaven.java:192)
    at org.apache.maven.DefaultMaven.execute (DefaultMaven.java:105)
    at org.apache.maven.cli.MavenCli.execute (MavenCli.java:972)
    at org.apache.maven.cli.MavenCli.doMain (MavenCli.java:293)
    at org.apache.maven.cli.MavenCli.main (MavenCli.java:196)
    at jdk.internal.reflect.NativeMethodAccessorImpl.invoke0 (Native Method)
    at jdk.internal.reflect.NativeMethodAccessorImpl.invoke (NativeMethodAccessorImpl.java:78)
    at jdk.internal.reflect.DelegatingMethodAccessorImpl.invoke (DelegatingMethodAccessorImpl.java:43)
    at java.lang.reflect.Method.invoke (Method.java:567)
    at org.codehaus.plexus.classworlds.launcher.Launcher.launchEnhanced (Launcher.java:282)
    at org.codehaus.plexus.classworlds.launcher.Launcher.launch (Launcher.java:225)
    at org.codehaus.plexus.classworlds.launcher.Launcher.mainWithExitCode (Launcher.java:406)
    at org.codehaus.plexus.classworlds.launcher.Launcher.main (Launcher.java:347)
Caused by: java.lang.IllegalAccessError: class lombok.javac.apt.LombokProcessor (in unnamed module @0x72543547) cannot access class com.sun.tools.javac.processing.JavacProcessingEnvironment (in module jdk.compiler) because module jdk.compiler does not export com.sun.tools.javac.processing to unnamed module @0x72543547
    at lombok.javac.apt.LombokProcessor.getJavacProcessingEnvironment (LombokProcessor.java:419)
    at lombok.javac.apt.LombokProcessor.init (LombokProcessor.java:90)
    at lombok.core.AnnotationProcessor$JavacDescriptor.want (AnnotationProcessor.java:124)
    at lombok.core.AnnotationProcessor.init (AnnotationProcessor.java:177)
    at lombok.launch.AnnotationProcessorHider$AnnotationProcessor.init (AnnotationProcessor.java:73)
    at com.sun.tools.javac.processing.JavacProcessingEnvironment$ProcessorState.<init> (JavacProcessingEnvironment.java:702)
    at com.sun.tools.javac.processing.JavacProcessingEnvironment$DiscoveredProcessors$ProcessorStateIterator.next (JavacProcessingEnvironment.java:829)
    at com.sun.tools.javac.processing.JavacProcessingEnvironment.discoverAndRunProcs (JavacProcessingEnvironment.java:925)
    at com.sun.tools.javac.processing.JavacProcessingEnvironment$Round.run (JavacProcessingEnvironment.java:1269)
    at com.sun.tools.javac.processing.JavacProcessingEnvironment.doProcessing (JavacProcessingEnvironment.java:1384)
    at com.sun.tools.javac.main.JavaCompiler.processAnnotations (JavaCompiler.java:1261)
    at com.sun.tools.javac.main.JavaCompiler.compile (JavaCompiler.java:935)
    at com.sun.tools.javac.api.JavacTaskImpl.lambda$doCall$0 (JavacTaskImpl.java:104)
    at com.sun.tools.javac.api.JavacTaskImpl.invocationHelper (JavacTaskImpl.java:152)
    at com.sun.tools.javac.api.JavacTaskImpl.doCall (JavacTaskImpl.java:100)
    at com.sun.tools.javac.api.JavacTaskImpl.call (JavacTaskImpl.java:94)
    at org.codehaus.plexus.compiler.javac.JavaxToolsCompiler.compileInProcess (JavaxToolsCompiler.java:135)
    at org.codehaus.plexus.compiler.javac.JavacCompiler.performCompile (JavacCompiler.java:178)
    at org.apache.maven.plugin.compiler.AbstractCompilerMojo.execute (AbstractCompilerMojo.java:1171)
    at org.apache.maven.plugin.compiler.TestCompilerMojo.execute (TestCompilerMojo.java:175)
    at org.apache.maven.plugin.DefaultBuildPluginManager.executeMojo (DefaultBuildPluginManager.java:137)
    at org.apache.maven.lifecycle.internal.MojoExecutor.execute (MojoExecutor.java:210)
    at org.apache.maven.lifecycle.internal.MojoExecutor.execute (MojoExecutor.java:156)
    at org.apache.maven.lifecycle.internal.MojoExecutor.execute (MojoExecutor.java:148)
    at org.apache.maven.lifecycle.internal.LifecycleModuleBuilder.buildProject (LifecycleModuleBuilder.java:117)
    at org.apache.maven.lifecycle.internal.LifecycleModuleBuilder.buildProject (LifecycleModuleBuilder.java:81)
    at org.apache.maven.lifecycle.internal.builder.singlethreaded.SingleThreadedBuilder.build (SingleThreadedBuilder.java:56)
    at org.apache.maven.lifecycle.internal.LifecycleStarter.execute (LifecycleStarter.java:128)
    at org.apache.maven.DefaultMaven.doExecute (DefaultMaven.java:305)
    at org.apache.maven.DefaultMaven.doExecute (DefaultMaven.java:192)
    at org.apache.maven.DefaultMaven.execute (DefaultMaven.java:105)
    at org.apache.maven.cli.MavenCli.execute (MavenCli.java:972)
    at org.apache.maven.cli.MavenCli.doMain (MavenCli.java:293)
    at org.apache.maven.cli.MavenCli.main (MavenCli.java:196)
    at jdk.internal.reflect.NativeMethodAccessorImpl.invoke0 (Native Method)
    at jdk.internal.reflect.NativeMethodAccessorImpl.invoke (NativeMethodAccessorImpl.java:78)
    at jdk.internal.reflect.DelegatingMethodAccessorImpl.invoke (DelegatingMethodAccessorImpl.java:43)
    at java.lang.reflect.Method.invoke (Method.java:567)
    at org.codehaus.plexus.classworlds.launcher.Launcher.launchEnhanced (Launcher.java:282)
    at org.codehaus.plexus.classworlds.launcher.Launcher.launch (Launcher.java:225)
    at org.codehaus.plexus.classworlds.launcher.Launcher.mainWithExitCode (Launcher.java:406)
    at org.codehaus.plexus.classworlds.launcher.Launcher.main (Launcher.java:347)
[ERROR] 
[ERROR] 
[ERROR] For more information about the errors and possible solutions, please read the following articles:
[ERROR] [Help 1] http://cwiki.apache.org/confluence/display/MAVEN/MojoExecutionException
